     1                                  GLOBAL COPY_INIT
     2                                  GLOBAL COPY_CICLO
     3                                  
     4                                  
     5                                  section .copy
     6                                  USE32
     7                                  ; Este copy ya esta en ROM. la podes usar directamente
     8                                  COPY_INIT:
     9                                  
    10 00000000 89E5                        mov ebp, esp  
    11 00000002 8B4D04                      mov ecx,[ebp + 4]        ; Tomo los siguientes 3 datos de la pila
    12 00000005 8B7D08                      mov edi,[ebp + 8]          
    13 00000008 8B750C                      mov esi,[ebp + 12]         
    14                                  
    15                                  COPY_CICLO:
    16                                      
    17 0000000B 8A06                        mov al, [esi]       
    18 0000000D 8807                        mov [edi], al       ;Copio en la direccion destino, lo que hay en origen
    19 0000000F 46                          inc esi             ;muevo el puntero de fuente 1 pocision
    20 00000010 47                          inc edi             ;muevo el puntero de destino 1 pocision
    21 00000011 49                          dec ecx
    22 00000012 75F7                        jne COPY_CICLO   ;verifica el flag de 0 del ecx
    23 00000014 6687DB                      xchg bx,bx
    24                                  
    25 00000017 C3                          ret
    26                                  
    27                                  
