     1                                  ;********************************************************
     2                                  ;                       DIRECTIVAS                      *
     3                                  ;********************************************************
     4                                  SECTION .init
     5                                  
     6                                  GLOBAL _bios_init
     7                                  
     8                                  USE16
     9                                  
    10                                  
    11                                  ;************************************************************
    12                                  ;                       FUNCIONES                           *
    13                                  ;************************************************************
    14                                  
    15                                  
    16                                  %macro      leer_registro_pci 1                 ; 1 parámetro
    17                                      mov     eax, %1
    18                                      or      eax, esi
    19                                      mov     dx, 0x0CF8
    20                                      out     dx, eax                             ; Escribir palabra de configuración.
    21                                      mov     dx, 0x0CFC
    22                                      in      eax, dx                             ; Verificar si existe el dispositivo.
    23                                  %endmacro
    24                                  
    25                                  ;--------------------------------------------------------------------------------
    26                                  ; Salto a punto de entrada
    27                                  ;--------------------------------------------------------------------------------
    28                                  
    29                                  
    30 00000000 E9FC10                  jmp _bios_init
    31                                      
    32                                  ;--------------------------------------------------------------------------------
    33                                  ; Tablas de datos para inicializacion
    34                                  ;--------------------------------------------------------------------------------
    35                                  
    36                                  seq_regs_data:
    37                                  
    38 00000003 03                          db      0x03        ; Reset Register
    39 00000004 00                          db      0x00        ; Clocking Mode Register
    40 00000005 03                          db      0x03        ; Map Mask Register
    41 00000006 00                          db      0x00        ; Character Map Select Register
    42 00000007 02                          db      0x02        ; Sequencer Memory Mode Register
    43                                  
    44                                  crtc_regs_data:
    45                                  
    46 00000008 5F                          db      0x5F        ; Cantidad caracteres menos 5 incluyendo borde.
    47 00000009 4F                          db      0x4F        ; Cantidad caracteres visualizados menos 1.
    48 0000000A 50                          db      0x50        ; Carácter en el que comienza el blanqueo.
    49 0000000B 82                          db      0x82        ; Fin de blanqueo horizontal.
    50 0000000C 55                          db      0x55        ; Carácter donde comienza el retrazo horizontal.
    51 0000000D 81                          db      0x81        ; Fin del retrazo horizontal.
    52 0000000E BF                          db      0xBF        ; Cantidad de scan lines - 2 (0x1BF = 447).
    53 0000000F 1F                          db      0x1F        ; Bits 9 y 8 de varios registros.
    54 00000010 00                          db      0x00        ; Primer scan line a ser visualizado.
    55 00000011 4F                          db      0x4F        ; Bits 4-0: máxima línea de scan.
    56 00000012 0D                          db      0x0D        ; Scan line donde comienza el cursor.
    57 00000013 0E                          db      0x0E        ; Scan line donde termina el cursor.
    58 00000014 00                          db      0x00        ; Bits 15-8 del inicio del buffer de video.
    59 00000015 00                          db      0x00        ; Bits 7-0 del inicio del buffer de video.
    60 00000016 05                          db      0x05        ; Bits 15-8 de la posición del cursor en pantalla.
    61 00000017 50                          db      0x50        ; Bits 7-0 de la posición del cursor en pantalla.
    62 00000018 9C                          db      0x9C        ; Inicio retrazado vertical (0x19C = 412).
    63 00000019 8E                          db      0x8E        ; Fin retrazado vertical (bits 3-0) y protección de
    64                                                          ; escritura para registros cero a 7 (bit 7).
    65 0000001A 8F                          db      0x8F        ; Fin de refresco vertical (0x18F = 409)
    66 0000001B 28                          db      0x28        ; Cantidad de bytes por scan line dividido 4.
    67 0000001C 1F                          db      0x1F        ; Scan line para el subrayado.
    68 0000001D 96                          db      0x96        ; Inicio blanqueo vertical (0x196 = 406)
    69 0000001E B9                          db      0xB9        ; Fin blanqueo vertical (0x1B9 = 441)
    70 0000001F A3                          db      0xA3        ; Registro de control de modo.
    71 00000020 FF                          db      0xFF        ; Registro de comparación de líneas.
    72                                  
    73                                  graphics_regs_data:
    74                                  
    75 00000021 00                          db      0x00        ; Set/Reset Register
    76 00000022 00                          db      0x00        ; Enable Set/Reset Register
    77 00000023 00                          db      0x00        ; Color Compare Register
    78 00000024 00                          db      0x00        ; Data Rotate Register
    79 00000025 00                          db      0x00        ; Graphics Mode Register  
    80 00000026 10                          db      0x10        ; Miscellaneous Graphics Register
    81 00000027 0E                          db      0x0E        ; Color Don't Care Register
    82 00000028 00                          db      0x00        ; Bit Mask Register
    83 00000029 FF                          db      0xFF
    84                                  
    85                                  attrcon_regs_data:
    86                                  
    87 0000002A 00                          db      0x00        ; Paleta para color 0.
    88 0000002B 01                          db      0x01        ; Paleta para color 1.
    89 0000002C 02                          db      0x02        ; Paleta para color 2.
    90 0000002D 03                          db      0x03        ; Paleta para color 3.
    91 0000002E 04                          db      0x04        ; Paleta para color 4.
    92 0000002F 05                          db      0x05        ; Paleta para color 5.
    93 00000030 14                          db      0x14        ; Paleta para color 6.
    94 00000031 07                          db      0x07        ; Paleta para color 7.
    95 00000032 38                          db      0x38        ; Paleta para color 8.
    96 00000033 39                          db      0x39        ; Paleta para color 9.
    97 00000034 3A                          db      0x3A        ; Paleta para color 10.
    98 00000035 3B                          db      0x3B        ; Paleta para color 11.
    99 00000036 3C                          db      0x3C        ; Paleta para color 12.
   100 00000037 3D                          db      0x3D        ; Paleta para color 13.
   101 00000038 3E                          db      0x3E        ; Paleta para color 14.
   102 00000039 3F                          db      0x3F        ; Paleta para color 15.
   103 0000003A 0C                          db      0x0C        ; Registro de control de atributos.
   104                                                          ; * Bit 7: Fuente de los bits de video P5 y P4 al DAC de video
   105                                                          ; * Bit 6: Habilitación de 256 colores.
   106                                                          ; * Bit 5: Modo de desplazamiento de píxeles
   107                                                          ; * Bit 4: No usado
   108                                                          ; * Bit 3: "1" para habilitar blink, "0" para tener 16 colores de fondo.
   109                                                          ; * Bit 2: Replicación de octava a novena columna para caracteres
   110                                                          ;         0xC0 - 0xDF (para dibujar bloques en modo texto).
   111                                                          ; * Bit 1: Sin uso
   112                                                          ; * Bit 0: Habilitación de gráficos.
   113 0000003B 00                          db      0x00        ; Color usado para el borde en algunos modos.
   114 0000003C 0F                          db      0x0F        ; Habilitación de planos de color.
   115 0000003D 08                          db      0x08        ; Desplazamiento de píxeles de video hacia la izquierda.
   116 0000003E 00                          db      0x00        ; Registro de selección de color.
   117                                  
   118                                  palette_data:
   119                                  
   120 0000003F 000000                      db      0x00, 0x00, 0x00    ;RGB of color #0
   121 00000042 00002A                      db      0x00, 0x00, 0x2a
   122 00000045 002A00                      db      0x00, 0x2a, 0x00
   123 00000048 002A2A                      db      0x00, 0x2a, 0x2a
   124 0000004B 2A0000                      db      0x2a, 0x00, 0x00    ;RGB of color #4
   125 0000004E 2A002A                      db      0x2a, 0x00, 0x2a
   126 00000051 2A2A00                      db      0x2a, 0x2a, 0x00
   127 00000054 2A2A2A                      db      0x2a, 0x2a, 0x2a
   128 00000057 000015                      db      0x00, 0x00, 0x15    ;RGB of color #8
   129 0000005A 00003F                      db      0x00, 0x00, 0x3f
   130 0000005D 002A15                      db      0x00, 0x2a, 0x15
   131 00000060 002A3F                      db      0x00, 0x2a, 0x3f
   132 00000063 2A0015                      db      0x2a, 0x00, 0x15    ;RGB of color #12
   133 00000066 2A003F                      db      0x2a, 0x00, 0x3f
   134 00000069 2A2A15                      db      0x2a, 0x2a, 0x15
   135 0000006C 2A2A3F                      db      0x2a, 0x2a, 0x3f
   136 0000006F 001500                      db      0x00, 0x15, 0x00    ;RGB of color #16
   137 00000072 00152A                      db      0x00, 0x15, 0x2a
   138 00000075 003F00                      db      0x00, 0x3f, 0x00
   139 00000078 003F2A                      db      0x00, 0x3f, 0x2a
   140 0000007B 2A1500                      db      0x2a, 0x15, 0x00    ;RGB of color #20
   141 0000007E 2A152A                      db      0x2a, 0x15, 0x2a
   142 00000081 2A3F00                      db      0x2a, 0x3f, 0x00
   143 00000084 2A3F2A                      db      0x2a, 0x3f, 0x2a
   144 00000087 001515                      db      0x00, 0x15, 0x15    ;RGB of color #24
   145 0000008A 00153F                      db      0x00, 0x15, 0x3f
   146 0000008D 003F15                      db      0x00, 0x3f, 0x15
   147 00000090 003F3F                      db      0x00, 0x3f, 0x3f
   148 00000093 2A1515                      db      0x2a, 0x15, 0x15    ;RGB of color #28
   149 00000096 2A153F                      db      0x2a, 0x15, 0x3f
   150 00000099 2A3F15                      db      0x2a, 0x3f, 0x15
   151 0000009C 2A3F3F                      db      0x2a, 0x3f, 0x3f
   152 0000009F 150000                      db      0x15, 0x00, 0x00    ;RGB of color #32
   153 000000A2 15002A                      db      0x15, 0x00, 0x2a
   154 000000A5 152A00                      db      0x15, 0x2a, 0x00
   155 000000A8 152A2A                      db      0x15, 0x2a, 0x2a
   156 000000AB 3F0000                      db      0x3f, 0x00, 0x00    ;RGB of color #36
   157 000000AE 3F002A                      db      0x3f, 0x00, 0x2a
   158 000000B1 3F2A00                      db      0x3f, 0x2a, 0x00
   159 000000B4 3F2A2A                      db      0x3f, 0x2a, 0x2a
   160 000000B7 150015                      db      0x15, 0x00, 0x15    ;RGB of color #40
   161 000000BA 15003F                      db      0x15, 0x00, 0x3f
   162 000000BD 152A15                      db      0x15, 0x2a, 0x15
   163 000000C0 152A3F                      db      0x15, 0x2a, 0x3f
   164 000000C3 3F0015                      db      0x3f, 0x00, 0x15    ;RGB of color #44
   165 000000C6 3F003F                      db      0x3f, 0x00, 0x3f
   166 000000C9 3F2A15                      db      0x3f, 0x2a, 0x15
   167 000000CC 3F2A3F                      db      0x3f, 0x2a, 0x3f
   168 000000CF 151500                      db      0x15, 0x15, 0x00    ;RGB of color #48
   169 000000D2 15152A                      db      0x15, 0x15, 0x2a
   170 000000D5 153F00                      db      0x15, 0x3f, 0x00
   171 000000D8 153F2A                      db      0x15, 0x3f, 0x2a
   172 000000DB 3F1500                      db      0x3f, 0x15, 0x00    ;RGB of color #52
   173 000000DE 3F152A                      db      0x3f, 0x15, 0x2a
   174 000000E1 3F3F00                      db      0x3f, 0x3f, 0x00
   175 000000E4 3F3F2A                      db      0x3f, 0x3f, 0x2a
   176 000000E7 151515                      db      0x15, 0x15, 0x15    ;RGB of color #56
   177 000000EA 15153F                      db      0x15, 0x15, 0x3f
   178 000000ED 153F15                      db      0x15, 0x3f, 0x15
   179 000000F0 153F3F                      db      0x15, 0x3f, 0x3f
   180 000000F3 3F1515                      db      0x3f, 0x15, 0x15    ;RGB of color #60
   181 000000F6 3F153F                      db      0x3f, 0x15, 0x3f
   182 000000F9 3F3F15                      db      0x3f, 0x3f, 0x15
   183 000000FC 3F3F3F                      db      0x3f, 0x3f, 0x3f
   184                                  
   185                                  ;--------------------------------------------------------------------------------
   186                                  ; Fonts de dominio público de Joseph Gil
   187                                  ;--------------------------------------------------------------------------------
   188                                  
   189                                  font16x8:
   190                                  
   191 000000FF 000000000000000000-         db 0x00, 0x00, 0x00, 0x00, 0x00, 0x00, 0x00, 0x00, 0x00, 0x00, 0x00, 0x00, 0x00, 0x00, 0x00, 0x00
   191 00000108 00000000000000     
   192 0000010F 00007E81A58181BD99-         db 0x00, 0x00, 0x7e, 0x81, 0xa5, 0x81, 0x81, 0xbd, 0x99, 0x81, 0x81, 0x7e, 0x00, 0x00, 0x00, 0x00
   192 00000118 81817E00000000     
   193 0000011F 00007EFFDBFFFFC3E7-         db 0x00, 0x00, 0x7e, 0xff, 0xdb, 0xff, 0xff, 0xc3, 0xe7, 0xff, 0xff, 0x7e, 0x00, 0x00, 0x00, 0x00
   193 00000128 FFFF7E00000000     
   194 0000012F 000000006CFEFEFEFE-         db 0x00, 0x00, 0x00, 0x00, 0x6c, 0xfe, 0xfe, 0xfe, 0xfe, 0x7c, 0x38, 0x10, 0x00, 0x00, 0x00, 0x00
   194 00000138 7C381000000000     
   195 0000013F 0000000010387CFE7C-         db 0x00, 0x00, 0x00, 0x00, 0x10, 0x38, 0x7c, 0xfe, 0x7c, 0x38, 0x10, 0x00, 0x00, 0x00, 0x00, 0x00
   195 00000148 38100000000000     
   196 0000014F 000000183C3CE7E7E7-         db 0x00, 0x00, 0x00, 0x18, 0x3c, 0x3c, 0xe7, 0xe7, 0xe7, 0x18, 0x18, 0x3c, 0x00, 0x00, 0x00, 0x00
   196 00000158 18183C00000000     
   197 0000015F 000000183C7EFFFF7E-         db 0x00, 0x00, 0x00, 0x18, 0x3c, 0x7e, 0xff, 0xff, 0x7e, 0x18, 0x18, 0x3c, 0x00, 0x00, 0x00, 0x00
   197 00000168 18183C00000000     
   198 0000016F 000000000000183C3C-         db 0x00, 0x00, 0x00, 0x00, 0x00, 0x00, 0x18, 0x3c, 0x3c, 0x18, 0x00, 0x00, 0x00, 0x00, 0x00, 0x00
   198 00000178 18000000000000     
   199 0000017F FFFFFFFFFFFFE7C3C3-         db 0xff, 0xff, 0xff, 0xff, 0xff, 0xff, 0xe7, 0xc3, 0xc3, 0xe7, 0xff, 0xff, 0xff, 0xff, 0xff, 0xff
   199 00000188 E7FFFFFFFFFFFF     
   200 0000018F 00000000003C664242-         db 0x00, 0x00, 0x00, 0x00, 0x00, 0x3c, 0x66, 0x42, 0x42, 0x66, 0x3c, 0x00, 0x00, 0x00, 0x00, 0x00
   200 00000198 663C0000000000     
   201 0000019F FFFFFFFFFFC399BDBD-         db 0xff, 0xff, 0xff, 0xff, 0xff, 0xc3, 0x99, 0xbd, 0xbd, 0x99, 0xc3, 0xff, 0xff, 0xff, 0xff, 0xff
   201 000001A8 99C3FFFFFFFFFF     
   202 000001AF 00001E0E1A3278CCCC-         db 0x00, 0x00, 0x1e, 0x0e, 0x1a, 0x32, 0x78, 0xcc, 0xcc, 0xcc, 0xcc, 0x78, 0x00, 0x00, 0x00, 0x00
   202 000001B8 CCCC7800000000     
   203 000001BF 00003C666666663C18-         db 0x00, 0x00, 0x3c, 0x66, 0x66, 0x66, 0x66, 0x3c, 0x18, 0x7e, 0x18, 0x18, 0x00, 0x00, 0x00, 0x00
   203 000001C8 7E181800000000     
   204 000001CF 00003F333F30303030-         db 0x00, 0x00, 0x3f, 0x33, 0x3f, 0x30, 0x30, 0x30, 0x30, 0x70, 0xf0, 0xe0, 0x00, 0x00, 0x00, 0x00
   204 000001D8 70F0E000000000     
   205 000001DF 00007F637F63636363-         db 0x00, 0x00, 0x7f, 0x63, 0x7f, 0x63, 0x63, 0x63, 0x63, 0x67, 0xe7, 0xe6, 0xc0, 0x00, 0x00, 0x00
   205 000001E8 67E7E6C0000000     
   206 000001EF 0000001818DB3CE73C-         db 0x00, 0x00, 0x00, 0x18, 0x18, 0xdb, 0x3c, 0xe7, 0x3c, 0xdb, 0x18, 0x18, 0x00, 0x00, 0x00, 0x00
   206 000001F8 DB181800000000     
   207 000001FF 0080C0E0F0F8FEF8F0-         db 0x00, 0x80, 0xc0, 0xe0, 0xf0, 0xf8, 0xfe, 0xf8, 0xf0, 0xe0, 0xc0, 0x80, 0x00, 0x00, 0x00, 0x00
   207 00000208 E0C08000000000     
   208 0000020F 0002060E1E3EFE3E1E-         db 0x00, 0x02, 0x06, 0x0e, 0x1e, 0x3e, 0xfe, 0x3e, 0x1e, 0x0e, 0x06, 0x02, 0x00, 0x00, 0x00, 0x00
   208 00000218 0E060200000000     
   209 0000021F 0000183C7E1818187E-         db 0x00, 0x00, 0x18, 0x3c, 0x7e, 0x18, 0x18, 0x18, 0x7e, 0x3c, 0x18, 0x00, 0x00, 0x00, 0x00, 0x00
   209 00000228 3C180000000000     
   210 0000022F 000066666666666666-         db 0x00, 0x00, 0x66, 0x66, 0x66, 0x66, 0x66, 0x66, 0x66, 0x00, 0x66, 0x66, 0x00, 0x00, 0x00, 0x00
   210 00000238 00666600000000     
   211 0000023F 00007FDBDBDB7B1B1B-         db 0x00, 0x00, 0x7f, 0xdb, 0xdb, 0xdb, 0x7b, 0x1b, 0x1b, 0x1b, 0x1b, 0x1b, 0x00, 0x00, 0x00, 0x00
   211 00000248 1B1B1B00000000     
   212 0000024F 007CC660386CC6C66C-         db 0x00, 0x7c, 0xc6, 0x60, 0x38, 0x6c, 0xc6, 0xc6, 0x6c, 0x38, 0x0c, 0xc6, 0x7c, 0x00, 0x00, 0x00
   212 00000258 380CC67C000000     
   213 0000025F 0000000000000000FE-         db 0x00, 0x00, 0x00, 0x00, 0x00, 0x00, 0x00, 0x00, 0xfe, 0xfe, 0xfe, 0xfe, 0x00, 0x00, 0x00, 0x00
   213 00000268 FEFEFE00000000     
   214 0000026F 0000183C7E1818187E-         db 0x00, 0x00, 0x18, 0x3c, 0x7e, 0x18, 0x18, 0x18, 0x7e, 0x3c, 0x18, 0x7e, 0x00, 0x00, 0x00, 0x00
   214 00000278 3C187E00000000     
   215 0000027F 0000183C7E18181818-         db 0x00, 0x00, 0x18, 0x3c, 0x7e, 0x18, 0x18, 0x18, 0x18, 0x18, 0x18, 0x18, 0x00, 0x00, 0x00, 0x00
   215 00000288 18181800000000     
   216 0000028F 000018181818181818-         db 0x00, 0x00, 0x18, 0x18, 0x18, 0x18, 0x18, 0x18, 0x18, 0x7e, 0x3c, 0x18, 0x00, 0x00, 0x00, 0x00
   216 00000298 7E3C1800000000     
   217 0000029F 0000000000180CFE0C-         db 0x00, 0x00, 0x00, 0x00, 0x00, 0x18, 0x0c, 0xfe, 0x0c, 0x18, 0x00, 0x00, 0x00, 0x00, 0x00, 0x00
   217 000002A8 18000000000000     
   218 000002AF 00000000003060FE60-         db 0x00, 0x00, 0x00, 0x00, 0x00, 0x30, 0x60, 0xfe, 0x60, 0x30, 0x00, 0x00, 0x00, 0x00, 0x00, 0x00
   218 000002B8 30000000000000     
   219 000002BF 000000000000C0C0C0-         db 0x00, 0x00, 0x00, 0x00, 0x00, 0x00, 0xc0, 0xc0, 0xc0, 0xfe, 0x00, 0x00, 0x00, 0x00, 0x00, 0x00
   219 000002C8 FE000000000000     
   220 000002CF 00000000002466FF66-         db 0x00, 0x00, 0x00, 0x00, 0x00, 0x24, 0x66, 0xff, 0x66, 0x24, 0x00, 0x00, 0x00, 0x00, 0x00, 0x00
   220 000002D8 24000000000000     
   221 000002DF 000000001038387C7C-         db 0x00, 0x00, 0x00, 0x00, 0x10, 0x38, 0x38, 0x7c, 0x7c, 0xfe, 0xfe, 0x00, 0x00, 0x00, 0x00, 0x00
   221 000002E8 FEFE0000000000     
   222 000002EF 00000000FEFE7C7C38-         db 0x00, 0x00, 0x00, 0x00, 0xfe, 0xfe, 0x7c, 0x7c, 0x38, 0x38, 0x10, 0x00, 0x00, 0x00, 0x00, 0x00
   222 000002F8 38100000000000     
   223 000002FF 000000000000000000-         db 0x00, 0x00, 0x00, 0x00, 0x00, 0x00, 0x00, 0x00, 0x00, 0x00, 0x00, 0x00, 0x00, 0x00, 0x00, 0x00
   223 00000308 00000000000000     
   224 0000030F 0000183C3C3C181818-         db 0x00, 0x00, 0x18, 0x3c, 0x3c, 0x3c, 0x18, 0x18, 0x18, 0x00, 0x18, 0x18, 0x00, 0x00, 0x00, 0x00
   224 00000318 00181800000000     
   225 0000031F 006666662400000000-         db 0x00, 0x66, 0x66, 0x66, 0x24, 0x00, 0x00, 0x00, 0x00, 0x00, 0x00, 0x00, 0x00, 0x00, 0x00, 0x00
   225 00000328 00000000000000     
   226 0000032F 0000006C6CFE6C6C6C-         db 0x00, 0x00, 0x00, 0x6c, 0x6c, 0xfe, 0x6c, 0x6c, 0x6c, 0xfe, 0x6c, 0x6c, 0x00, 0x00, 0x00, 0x00
   226 00000338 FE6C6C00000000     
   227 0000033F 18187CC6C2C07C0606-         db 0x18, 0x18, 0x7c, 0xc6, 0xc2, 0xc0, 0x7c, 0x06, 0x06, 0x86, 0xc6, 0x7c, 0x18, 0x18, 0x00, 0x00
   227 00000348 86C67C18180000     
   228 0000034F 00000000C2C60C1830-         db 0x00, 0x00, 0x00, 0x00, 0xc2, 0xc6, 0x0c, 0x18, 0x30, 0x60, 0xc6, 0x86, 0x00, 0x00, 0x00, 0x00
   228 00000358 60C68600000000     
   229 0000035F 0000386C6C3876DCCC-         db 0x00, 0x00, 0x38, 0x6c, 0x6c, 0x38, 0x76, 0xdc, 0xcc, 0xcc, 0xcc, 0x76, 0x00, 0x00, 0x00, 0x00
   229 00000368 CCCC7600000000     
   230 0000036F 003030306000000000-         db 0x00, 0x30, 0x30, 0x30, 0x60, 0x00, 0x00, 0x00, 0x00, 0x00, 0x00, 0x00, 0x00, 0x00, 0x00, 0x00
   230 00000378 00000000000000     
   231 0000037F 00000C183030303030-         db 0x00, 0x00, 0x0c, 0x18, 0x30, 0x30, 0x30, 0x30, 0x30, 0x30, 0x18, 0x0c, 0x00, 0x00, 0x00, 0x00
   231 00000388 30180C00000000     
   232 0000038F 000030180C0C0C0C0C-         db 0x00, 0x00, 0x30, 0x18, 0x0c, 0x0c, 0x0c, 0x0c, 0x0c, 0x0c, 0x18, 0x30, 0x00, 0x00, 0x00, 0x00
   232 00000398 0C183000000000     
   233 0000039F 0000000000663CFF3C-         db 0x00, 0x00, 0x00, 0x00, 0x00, 0x66, 0x3c, 0xff, 0x3c, 0x66, 0x00, 0x00, 0x00, 0x00, 0x00, 0x00
   233 000003A8 66000000000000     
   234 000003AF 000000000018187E18-         db 0x00, 0x00, 0x00, 0x00, 0x00, 0x18, 0x18, 0x7e, 0x18, 0x18, 0x00, 0x00, 0x00, 0x00, 0x00, 0x00
   234 000003B8 18000000000000     
   235 000003BF 000000000000000000-         db 0x00, 0x00, 0x00, 0x00, 0x00, 0x00, 0x00, 0x00, 0x00, 0x18, 0x18, 0x18, 0x30, 0x00, 0x00, 0x00
   235 000003C8 18181830000000     
   236 000003CF 00000000000000FE00-         db 0x00, 0x00, 0x00, 0x00, 0x00, 0x00, 0x00, 0xfe, 0x00, 0x00, 0x00, 0x00, 0x00, 0x00, 0x00, 0x00
   236 000003D8 00000000000000     
   237 000003DF 000000000000000000-         db 0x00, 0x00, 0x00, 0x00, 0x00, 0x00, 0x00, 0x00, 0x00, 0x00, 0x18, 0x18, 0x00, 0x00, 0x00, 0x00
   237 000003E8 00181800000000     
   238 000003EF 0000000002060C1830-         db 0x00, 0x00, 0x00, 0x00, 0x02, 0x06, 0x0c, 0x18, 0x30, 0x60, 0xc0, 0x80, 0x00, 0x00, 0x00, 0x00
   238 000003F8 60C08000000000     
   239 000003FF 00003C66C3C3DBDBC3-         db 0x00, 0x00, 0x3c, 0x66, 0xc3, 0xc3, 0xdb, 0xdb, 0xc3, 0xc3, 0x66, 0x3c, 0x00, 0x00, 0x00, 0x00
   239 00000408 C3663C00000000     
   240 0000040F 000018387818181818-         db 0x00, 0x00, 0x18, 0x38, 0x78, 0x18, 0x18, 0x18, 0x18, 0x18, 0x18, 0x7e, 0x00, 0x00, 0x00, 0x00
   240 00000418 18187E00000000     
   241 0000041F 00007CC6060C183060-         db 0x00, 0x00, 0x7c, 0xc6, 0x06, 0x0c, 0x18, 0x30, 0x60, 0xc0, 0xc6, 0xfe, 0x00, 0x00, 0x00, 0x00
   241 00000428 C0C6FE00000000     
   242 0000042F 00007CC606063C0606-         db 0x00, 0x00, 0x7c, 0xc6, 0x06, 0x06, 0x3c, 0x06, 0x06, 0x06, 0xc6, 0x7c, 0x00, 0x00, 0x00, 0x00
   242 00000438 06C67C00000000     
   243 0000043F 00000C1C3C6CCCFE0C-         db 0x00, 0x00, 0x0c, 0x1c, 0x3c, 0x6c, 0xcc, 0xfe, 0x0c, 0x0c, 0x0c, 0x1e, 0x00, 0x00, 0x00, 0x00
   243 00000448 0C0C1E00000000     
   244 0000044F 0000FEC0C0C0FC0606-         db 0x00, 0x00, 0xfe, 0xc0, 0xc0, 0xc0, 0xfc, 0x06, 0x06, 0x06, 0xc6, 0x7c, 0x00, 0x00, 0x00, 0x00
   244 00000458 06C67C00000000     
   245 0000045F 00003860C0C0FCC6C6-         db 0x00, 0x00, 0x38, 0x60, 0xc0, 0xc0, 0xfc, 0xc6, 0xc6, 0xc6, 0xc6, 0x7c, 0x00, 0x00, 0x00, 0x00
   245 00000468 C6C67C00000000     
   246 0000046F 0000FEC606060C1830-         db 0x00, 0x00, 0xfe, 0xc6, 0x06, 0x06, 0x0c, 0x18, 0x30, 0x30, 0x30, 0x30, 0x00, 0x00, 0x00, 0x00
   246 00000478 30303000000000     
   247 0000047F 00007CC6C6C67CC6C6-         db 0x00, 0x00, 0x7c, 0xc6, 0xc6, 0xc6, 0x7c, 0xc6, 0xc6, 0xc6, 0xc6, 0x7c, 0x00, 0x00, 0x00, 0x00
   247 00000488 C6C67C00000000     
   248 0000048F 00007CC6C6C67E0606-         db 0x00, 0x00, 0x7c, 0xc6, 0xc6, 0xc6, 0x7e, 0x06, 0x06, 0x06, 0x0c, 0x78, 0x00, 0x00, 0x00, 0x00
   248 00000498 060C7800000000     
   249 0000049F 000000001818000000-         db 0x00, 0x00, 0x00, 0x00, 0x18, 0x18, 0x00, 0x00, 0x00, 0x18, 0x18, 0x00, 0x00, 0x00, 0x00, 0x00
   249 000004A8 18180000000000     
   250 000004AF 000000001818000000-         db 0x00, 0x00, 0x00, 0x00, 0x18, 0x18, 0x00, 0x00, 0x00, 0x18, 0x18, 0x30, 0x00, 0x00, 0x00, 0x00
   250 000004B8 18183000000000     
   251 000004BF 000000060C18306030-         db 0x00, 0x00, 0x00, 0x06, 0x0c, 0x18, 0x30, 0x60, 0x30, 0x18, 0x0c, 0x06, 0x00, 0x00, 0x00, 0x00
   251 000004C8 180C0600000000     
   252 000004CF 00000000007E00007E-         db 0x00, 0x00, 0x00, 0x00, 0x00, 0x7e, 0x00, 0x00, 0x7e, 0x00, 0x00, 0x00, 0x00, 0x00, 0x00, 0x00
   252 000004D8 00000000000000     
   253 000004DF 0000006030180C060C-         db 0x00, 0x00, 0x00, 0x60, 0x30, 0x18, 0x0c, 0x06, 0x0c, 0x18, 0x30, 0x60, 0x00, 0x00, 0x00, 0x00
   253 000004E8 18306000000000     
   254 000004EF 00007CC6C60C181818-         db 0x00, 0x00, 0x7c, 0xc6, 0xc6, 0x0c, 0x18, 0x18, 0x18, 0x00, 0x18, 0x18, 0x00, 0x00, 0x00, 0x00
   254 000004F8 00181800000000     
   255 000004FF 0000007CC6C6DEDEDE-         db 0x00, 0x00, 0x00, 0x7c, 0xc6, 0xc6, 0xde, 0xde, 0xde, 0xdc, 0xc0, 0x7c, 0x00, 0x00, 0x00, 0x00
   255 00000508 DCC07C00000000     
   256 0000050F 000010386CC6C6FEC6-         db 0x00, 0x00, 0x10, 0x38, 0x6c, 0xc6, 0xc6, 0xfe, 0xc6, 0xc6, 0xc6, 0xc6, 0x00, 0x00, 0x00, 0x00
   256 00000518 C6C6C600000000     
   257 0000051F 0000FC6666667C6666-         db 0x00, 0x00, 0xfc, 0x66, 0x66, 0x66, 0x7c, 0x66, 0x66, 0x66, 0x66, 0xfc, 0x00, 0x00, 0x00, 0x00
   257 00000528 6666FC00000000     
   258 0000052F 00003C66C2C0C0C0C0-         db 0x00, 0x00, 0x3c, 0x66, 0xc2, 0xc0, 0xc0, 0xc0, 0xc0, 0xc2, 0x66, 0x3c, 0x00, 0x00, 0x00, 0x00
   258 00000538 C2663C00000000     
   259 0000053F 0000F86C6666666666-         db 0x00, 0x00, 0xf8, 0x6c, 0x66, 0x66, 0x66, 0x66, 0x66, 0x66, 0x6c, 0xf8, 0x00, 0x00, 0x00, 0x00
   259 00000548 666CF800000000     
   260 0000054F 0000FE666268786860-         db 0x00, 0x00, 0xfe, 0x66, 0x62, 0x68, 0x78, 0x68, 0x60, 0x62, 0x66, 0xfe, 0x00, 0x00, 0x00, 0x00
   260 00000558 6266FE00000000     
   261 0000055F 0000FE666268786860-         db 0x00, 0x00, 0xfe, 0x66, 0x62, 0x68, 0x78, 0x68, 0x60, 0x60, 0x60, 0xf0, 0x00, 0x00, 0x00, 0x00
   261 00000568 6060F000000000     
   262 0000056F 00003C66C2C0C0DEC6-         db 0x00, 0x00, 0x3c, 0x66, 0xc2, 0xc0, 0xc0, 0xde, 0xc6, 0xc6, 0x66, 0x3a, 0x00, 0x00, 0x00, 0x00
   262 00000578 C6663A00000000     
   263 0000057F 0000C6C6C6C6FEC6C6-         db 0x00, 0x00, 0xc6, 0xc6, 0xc6, 0xc6, 0xfe, 0xc6, 0xc6, 0xc6, 0xc6, 0xc6, 0x00, 0x00, 0x00, 0x00
   263 00000588 C6C6C600000000     
   264 0000058F 00003C181818181818-         db 0x00, 0x00, 0x3c, 0x18, 0x18, 0x18, 0x18, 0x18, 0x18, 0x18, 0x18, 0x3c, 0x00, 0x00, 0x00, 0x00
   264 00000598 18183C00000000     
   265 0000059F 00001E0C0C0C0C0CCC-         db 0x00, 0x00, 0x1e, 0x0c, 0x0c, 0x0c, 0x0c, 0x0c, 0xcc, 0xcc, 0xcc, 0x78, 0x00, 0x00, 0x00, 0x00
   265 000005A8 CCCC7800000000     
   266 000005AF 0000E666666C78786C-         db 0x00, 0x00, 0xe6, 0x66, 0x66, 0x6c, 0x78, 0x78, 0x6c, 0x66, 0x66, 0xe6, 0x00, 0x00, 0x00, 0x00
   266 000005B8 6666E600000000     
   267 000005BF 0000F0606060606060-         db 0x00, 0x00, 0xf0, 0x60, 0x60, 0x60, 0x60, 0x60, 0x60, 0x62, 0x66, 0xfe, 0x00, 0x00, 0x00, 0x00
   267 000005C8 6266FE00000000     
   268 000005CF 0000C3E7FFFFDBC3C3-         db 0x00, 0x00, 0xc3, 0xe7, 0xff, 0xff, 0xdb, 0xc3, 0xc3, 0xc3, 0xc3, 0xc3, 0x00, 0x00, 0x00, 0x00
   268 000005D8 C3C3C300000000     
   269 000005DF 0000C6E6F6FEDECEC6-         db 0x00, 0x00, 0xc6, 0xe6, 0xf6, 0xfe, 0xde, 0xce, 0xc6, 0xc6, 0xc6, 0xc6, 0x00, 0x00, 0x00, 0x00
   269 000005E8 C6C6C600000000     
   270 000005EF 00007CC6C6C6C6C6C6-         db 0x00, 0x00, 0x7c, 0xc6, 0xc6, 0xc6, 0xc6, 0xc6, 0xc6, 0xc6, 0xc6, 0x7c, 0x00, 0x00, 0x00, 0x00
   270 000005F8 C6C67C00000000     
   271 000005FF 0000FC6666667C6060-         db 0x00, 0x00, 0xfc, 0x66, 0x66, 0x66, 0x7c, 0x60, 0x60, 0x60, 0x60, 0xf0, 0x00, 0x00, 0x00, 0x00
   271 00000608 6060F000000000     
   272 0000060F 00007CC6C6C6C6C6C6-         db 0x00, 0x00, 0x7c, 0xc6, 0xc6, 0xc6, 0xc6, 0xc6, 0xc6, 0xd6, 0xde, 0x7c, 0x0c, 0x0e, 0x00, 0x00
   272 00000618 D6DE7C0C0E0000     
   273 0000061F 0000FC6666667C6C66-         db 0x00, 0x00, 0xfc, 0x66, 0x66, 0x66, 0x7c, 0x6c, 0x66, 0x66, 0x66, 0xe6, 0x00, 0x00, 0x00, 0x00
   273 00000628 6666E600000000     
   274 0000062F 00007CC6C660380C06-         db 0x00, 0x00, 0x7c, 0xc6, 0xc6, 0x60, 0x38, 0x0c, 0x06, 0xc6, 0xc6, 0x7c, 0x00, 0x00, 0x00, 0x00
   274 00000638 C6C67C00000000     
   275 0000063F 0000FFDB9918181818-         db 0x00, 0x00, 0xff, 0xdb, 0x99, 0x18, 0x18, 0x18, 0x18, 0x18, 0x18, 0x3c, 0x00, 0x00, 0x00, 0x00
   275 00000648 18183C00000000     
   276 0000064F 0000C6C6C6C6C6C6C6-         db 0x00, 0x00, 0xc6, 0xc6, 0xc6, 0xc6, 0xc6, 0xc6, 0xc6, 0xc6, 0xc6, 0x7c, 0x00, 0x00, 0x00, 0x00
   276 00000658 C6C67C00000000     
   277 0000065F 0000C3C3C3C3C3C3C3-         db 0x00, 0x00, 0xc3, 0xc3, 0xc3, 0xc3, 0xc3, 0xc3, 0xc3, 0x66, 0x3c, 0x18, 0x00, 0x00, 0x00, 0x00
   277 00000668 663C1800000000     
   278 0000066F 0000C3C3C3C3C3DBDB-         db 0x00, 0x00, 0xc3, 0xc3, 0xc3, 0xc3, 0xc3, 0xdb, 0xdb, 0xff, 0x66, 0x66, 0x00, 0x00, 0x00, 0x00
   278 00000678 FF666600000000     
   279 0000067F 0000C3C3663C18183C-         db 0x00, 0x00, 0xc3, 0xc3, 0x66, 0x3c, 0x18, 0x18, 0x3c, 0x66, 0xc3, 0xc3, 0x00, 0x00, 0x00, 0x00
   279 00000688 66C3C300000000     
   280 0000068F 0000C3C3C3663C1818-         db 0x00, 0x00, 0xc3, 0xc3, 0xc3, 0x66, 0x3c, 0x18, 0x18, 0x18, 0x18, 0x3c, 0x00, 0x00, 0x00, 0x00
   280 00000698 18183C00000000     
   281 0000069F 0000FFC3860C183060-         db 0x00, 0x00, 0xff, 0xc3, 0x86, 0x0c, 0x18, 0x30, 0x60, 0xc1, 0xc3, 0xff, 0x00, 0x00, 0x00, 0x00
   281 000006A8 C1C3FF00000000     
   282 000006AF 00003C303030303030-         db 0x00, 0x00, 0x3c, 0x30, 0x30, 0x30, 0x30, 0x30, 0x30, 0x30, 0x30, 0x3c, 0x00, 0x00, 0x00, 0x00
   282 000006B8 30303C00000000     
   283 000006BF 00000080C0E070381C-         db 0x00, 0x00, 0x00, 0x80, 0xc0, 0xe0, 0x70, 0x38, 0x1c, 0x0e, 0x06, 0x02, 0x00, 0x00, 0x00, 0x00
   283 000006C8 0E060200000000     
   284 000006CF 00003C0C0C0C0C0C0C-         db 0x00, 0x00, 0x3c, 0x0c, 0x0c, 0x0c, 0x0c, 0x0c, 0x0c, 0x0c, 0x0c, 0x3c, 0x00, 0x00, 0x00, 0x00
   284 000006D8 0C0C3C00000000     
   285 000006DF 10386CC60000000000-         db 0x10, 0x38, 0x6c, 0xc6, 0x00, 0x00, 0x00, 0x00, 0x00, 0x00, 0x00, 0x00, 0x00, 0x00, 0x00, 0x00
   285 000006E8 00000000000000     
   286 000006EF 000000000000000000-         db 0x00, 0x00, 0x00, 0x00, 0x00, 0x00, 0x00, 0x00, 0x00, 0x00, 0x00, 0x00, 0x00, 0xff, 0x00, 0x00
   286 000006F8 00000000FF0000     
   287 000006FF 303018000000000000-         db 0x30, 0x30, 0x18, 0x00, 0x00, 0x00, 0x00, 0x00, 0x00, 0x00, 0x00, 0x00, 0x00, 0x00, 0x00, 0x00
   287 00000708 00000000000000     
   288 0000070F 0000000000780C7CCC-         db 0x00, 0x00, 0x00, 0x00, 0x00, 0x78, 0x0c, 0x7c, 0xcc, 0xcc, 0xcc, 0x76, 0x00, 0x00, 0x00, 0x00
   288 00000718 CCCC7600000000     
   289 0000071F 0000E06060786C6666-         db 0x00, 0x00, 0xe0, 0x60, 0x60, 0x78, 0x6c, 0x66, 0x66, 0x66, 0x66, 0x7c, 0x00, 0x00, 0x00, 0x00
   289 00000728 66667C00000000     
   290 0000072F 00000000007CC6C0C0-         db 0x00, 0x00, 0x00, 0x00, 0x00, 0x7c, 0xc6, 0xc0, 0xc0, 0xc0, 0xc6, 0x7c, 0x00, 0x00, 0x00, 0x00
   290 00000738 C0C67C00000000     
   291 0000073F 00001C0C0C3C6CCCCC-         db 0x00, 0x00, 0x1c, 0x0c, 0x0c, 0x3c, 0x6c, 0xcc, 0xcc, 0xcc, 0xcc, 0x76, 0x00, 0x00, 0x00, 0x00
   291 00000748 CCCC7600000000     
   292 0000074F 00000000007CC6FEC0-         db 0x00, 0x00, 0x00, 0x00, 0x00, 0x7c, 0xc6, 0xfe, 0xc0, 0xc0, 0xc6, 0x7c, 0x00, 0x00, 0x00, 0x00
   292 00000758 C0C67C00000000     
   293 0000075F 0000386C6460F06060-         db 0x00, 0x00, 0x38, 0x6c, 0x64, 0x60, 0xf0, 0x60, 0x60, 0x60, 0x60, 0xf0, 0x00, 0x00, 0x00, 0x00
   293 00000768 6060F000000000     
   294 0000076F 000000000076CCCCCC-         db 0x00, 0x00, 0x00, 0x00, 0x00, 0x76, 0xcc, 0xcc, 0xcc, 0xcc, 0xcc, 0x7c, 0x0c, 0xcc, 0x78, 0x00
   294 00000778 CCCC7C0CCC7800     
   295 0000077F 0000E060606C766666-         db 0x00, 0x00, 0xe0, 0x60, 0x60, 0x6c, 0x76, 0x66, 0x66, 0x66, 0x66, 0xe6, 0x00, 0x00, 0x00, 0x00
   295 00000788 6666E600000000     
   296 0000078F 000018180038181818-         db 0x00, 0x00, 0x18, 0x18, 0x00, 0x38, 0x18, 0x18, 0x18, 0x18, 0x18, 0x3c, 0x00, 0x00, 0x00, 0x00
   296 00000798 18183C00000000     
   297 0000079F 00000606000E060606-         db 0x00, 0x00, 0x06, 0x06, 0x00, 0x0e, 0x06, 0x06, 0x06, 0x06, 0x06, 0x06, 0x66, 0x66, 0x3c, 0x00
   297 000007A8 06060666663C00     
   298 000007AF 0000E06060666C7878-         db 0x00, 0x00, 0xe0, 0x60, 0x60, 0x66, 0x6c, 0x78, 0x78, 0x6c, 0x66, 0xe6, 0x00, 0x00, 0x00, 0x00
   298 000007B8 6C66E600000000     
   299 000007BF 000038181818181818-         db 0x00, 0x00, 0x38, 0x18, 0x18, 0x18, 0x18, 0x18, 0x18, 0x18, 0x18, 0x3c, 0x00, 0x00, 0x00, 0x00
   299 000007C8 18183C00000000     
   300 000007CF 0000000000E6FFDBDB-         db 0x00, 0x00, 0x00, 0x00, 0x00, 0xe6, 0xff, 0xdb, 0xdb, 0xdb, 0xdb, 0xdb, 0x00, 0x00, 0x00, 0x00
   300 000007D8 DBDBDB00000000     
   301 000007DF 0000000000DC666666-         db 0x00, 0x00, 0x00, 0x00, 0x00, 0xdc, 0x66, 0x66, 0x66, 0x66, 0x66, 0x66, 0x00, 0x00, 0x00, 0x00
   301 000007E8 66666600000000     
   302 000007EF 00000000007CC6C6C6-         db 0x00, 0x00, 0x00, 0x00, 0x00, 0x7c, 0xc6, 0xc6, 0xc6, 0xc6, 0xc6, 0x7c, 0x00, 0x00, 0x00, 0x00
   302 000007F8 C6C67C00000000     
   303 000007FF 0000000000DC666666-         db 0x00, 0x00, 0x00, 0x00, 0x00, 0xdc, 0x66, 0x66, 0x66, 0x66, 0x66, 0x7c, 0x60, 0x60, 0xf0, 0x00
   303 00000808 66667C6060F000     
   304 0000080F 000000000076CCCCCC-         db 0x00, 0x00, 0x00, 0x00, 0x00, 0x76, 0xcc, 0xcc, 0xcc, 0xcc, 0xcc, 0x7c, 0x0c, 0x0c, 0x1e, 0x00
   304 00000818 CCCC7C0C0C1E00     
   305 0000081F 0000000000DC766660-         db 0x00, 0x00, 0x00, 0x00, 0x00, 0xdc, 0x76, 0x66, 0x60, 0x60, 0x60, 0xf0, 0x00, 0x00, 0x00, 0x00
   305 00000828 6060F000000000     
   306 0000082F 00000000007CC66038-         db 0x00, 0x00, 0x00, 0x00, 0x00, 0x7c, 0xc6, 0x60, 0x38, 0x0c, 0xc6, 0x7c, 0x00, 0x00, 0x00, 0x00
   306 00000838 0CC67C00000000     
   307 0000083F 0000103030FC303030-         db 0x00, 0x00, 0x10, 0x30, 0x30, 0xfc, 0x30, 0x30, 0x30, 0x30, 0x36, 0x1c, 0x00, 0x00, 0x00, 0x00
   307 00000848 30361C00000000     
   308 0000084F 0000000000CCCCCCCC-         db 0x00, 0x00, 0x00, 0x00, 0x00, 0xcc, 0xcc, 0xcc, 0xcc, 0xcc, 0xcc, 0x76, 0x00, 0x00, 0x00, 0x00
   308 00000858 CCCC7600000000     
   309 0000085F 0000000000C3C3C3C3-         db 0x00, 0x00, 0x00, 0x00, 0x00, 0xc3, 0xc3, 0xc3, 0xc3, 0x66, 0x3c, 0x18, 0x00, 0x00, 0x00, 0x00
   309 00000868 663C1800000000     
   310 0000086F 0000000000C3C3C3DB-         db 0x00, 0x00, 0x00, 0x00, 0x00, 0xc3, 0xc3, 0xc3, 0xdb, 0xdb, 0xff, 0x66, 0x00, 0x00, 0x00, 0x00
   310 00000878 DBFF6600000000     
   311 0000087F 0000000000C3663C18-         db 0x00, 0x00, 0x00, 0x00, 0x00, 0xc3, 0x66, 0x3c, 0x18, 0x3c, 0x66, 0xc3, 0x00, 0x00, 0x00, 0x00
   311 00000888 3C66C300000000     
   312 0000088F 0000000000C6C6C6C6-         db 0x00, 0x00, 0x00, 0x00, 0x00, 0xc6, 0xc6, 0xc6, 0xc6, 0xc6, 0xc6, 0x7e, 0x06, 0x0c, 0xf8, 0x00
   312 00000898 C6C67E060CF800     
   313 0000089F 0000000000FECC1830-         db 0x00, 0x00, 0x00, 0x00, 0x00, 0xfe, 0xcc, 0x18, 0x30, 0x60, 0xc6, 0xfe, 0x00, 0x00, 0x00, 0x00
   313 000008A8 60C6FE00000000     
   314 000008AF 00000E181818701818-         db 0x00, 0x00, 0x0e, 0x18, 0x18, 0x18, 0x70, 0x18, 0x18, 0x18, 0x18, 0x0e, 0x00, 0x00, 0x00, 0x00
   314 000008B8 18180E00000000     
   315 000008BF 000018181818001818-         db 0x00, 0x00, 0x18, 0x18, 0x18, 0x18, 0x00, 0x18, 0x18, 0x18, 0x18, 0x18, 0x00, 0x00, 0x00, 0x00
   315 000008C8 18181800000000     
   316 000008CF 0000701818180E1818-         db 0x00, 0x00, 0x70, 0x18, 0x18, 0x18, 0x0e, 0x18, 0x18, 0x18, 0x18, 0x70, 0x00, 0x00, 0x00, 0x00
   316 000008D8 18187000000000     
   317 000008DF 000076DC0000000000-         db 0x00, 0x00, 0x76, 0xdc, 0x00, 0x00, 0x00, 0x00, 0x00, 0x00, 0x00, 0x00, 0x00, 0x00, 0x00, 0x00
   317 000008E8 00000000000000     
   318 000008EF 0000000010386CC6C6-         db 0x00, 0x00, 0x00, 0x00, 0x10, 0x38, 0x6c, 0xc6, 0xc6, 0xc6, 0xfe, 0x00, 0x00, 0x00, 0x00, 0x00
   318 000008F8 C6FE0000000000     
   319 000008FF 00003C66C2C0C0C0C2-         db 0x00, 0x00, 0x3c, 0x66, 0xc2, 0xc0, 0xc0, 0xc0, 0xc2, 0x66, 0x3c, 0x0c, 0x06, 0x7c, 0x00, 0x00
   319 00000908 663C0C067C0000     
   320 0000090F 0000CC0000CCCCCCCC-         db 0x00, 0x00, 0xcc, 0x00, 0x00, 0xcc, 0xcc, 0xcc, 0xcc, 0xcc, 0xcc, 0x76, 0x00, 0x00, 0x00, 0x00
   320 00000918 CCCC7600000000     
   321 0000091F 000C1830007CC6FEC0-         db 0x00, 0x0c, 0x18, 0x30, 0x00, 0x7c, 0xc6, 0xfe, 0xc0, 0xc0, 0xc6, 0x7c, 0x00, 0x00, 0x00, 0x00
   321 00000928 C0C67C00000000     
   322 0000092F 0010386C00780C7CCC-         db 0x00, 0x10, 0x38, 0x6c, 0x00, 0x78, 0x0c, 0x7c, 0xcc, 0xcc, 0xcc, 0x76, 0x00, 0x00, 0x00, 0x00
   322 00000938 CCCC7600000000     
   323 0000093F 0000CC0000780C7CCC-         db 0x00, 0x00, 0xcc, 0x00, 0x00, 0x78, 0x0c, 0x7c, 0xcc, 0xcc, 0xcc, 0x76, 0x00, 0x00, 0x00, 0x00
   323 00000948 CCCC7600000000     
   324 0000094F 0060301800780C7CCC-         db 0x00, 0x60, 0x30, 0x18, 0x00, 0x78, 0x0c, 0x7c, 0xcc, 0xcc, 0xcc, 0x76, 0x00, 0x00, 0x00, 0x00
   324 00000958 CCCC7600000000     
   325 0000095F 00386C3800780C7CCC-         db 0x00, 0x38, 0x6c, 0x38, 0x00, 0x78, 0x0c, 0x7c, 0xcc, 0xcc, 0xcc, 0x76, 0x00, 0x00, 0x00, 0x00
   325 00000968 CCCC7600000000     
   326 0000096F 000000003C66606066-         db 0x00, 0x00, 0x00, 0x00, 0x3c, 0x66, 0x60, 0x60, 0x66, 0x3c, 0x0c, 0x06, 0x3c, 0x00, 0x00, 0x00
   326 00000978 3C0C063C000000     
   327 0000097F 0010386C007CC6FEC0-         db 0x00, 0x10, 0x38, 0x6c, 0x00, 0x7c, 0xc6, 0xfe, 0xc0, 0xc0, 0xc6, 0x7c, 0x00, 0x00, 0x00, 0x00
   327 00000988 C0C67C00000000     
   328 0000098F 0000C600007CC6FEC0-         db 0x00, 0x00, 0xc6, 0x00, 0x00, 0x7c, 0xc6, 0xfe, 0xc0, 0xc0, 0xc6, 0x7c, 0x00, 0x00, 0x00, 0x00
   328 00000998 C0C67C00000000     
   329 0000099F 00603018007CC6FEC0-         db 0x00, 0x60, 0x30, 0x18, 0x00, 0x7c, 0xc6, 0xfe, 0xc0, 0xc0, 0xc6, 0x7c, 0x00, 0x00, 0x00, 0x00
   329 000009A8 C0C67C00000000     
   330 000009AF 000066000038181818-         db 0x00, 0x00, 0x66, 0x00, 0x00, 0x38, 0x18, 0x18, 0x18, 0x18, 0x18, 0x3c, 0x00, 0x00, 0x00, 0x00
   330 000009B8 18183C00000000     
   331 000009BF 00183C660038181818-         db 0x00, 0x18, 0x3c, 0x66, 0x00, 0x38, 0x18, 0x18, 0x18, 0x18, 0x18, 0x3c, 0x00, 0x00, 0x00, 0x00
   331 000009C8 18183C00000000     
   332 000009CF 006030180038181818-         db 0x00, 0x60, 0x30, 0x18, 0x00, 0x38, 0x18, 0x18, 0x18, 0x18, 0x18, 0x3c, 0x00, 0x00, 0x00, 0x00
   332 000009D8 18183C00000000     
   333 000009DF 00C60010386CC6C6FE-         db 0x00, 0xc6, 0x00, 0x10, 0x38, 0x6c, 0xc6, 0xc6, 0xfe, 0xc6, 0xc6, 0xc6, 0x00, 0x00, 0x00, 0x00
   333 000009E8 C6C6C600000000     
   334 000009EF 386C3800386CC6C6FE-         db 0x38, 0x6c, 0x38, 0x00, 0x38, 0x6c, 0xc6, 0xc6, 0xfe, 0xc6, 0xc6, 0xc6, 0x00, 0x00, 0x00, 0x00
   334 000009F8 C6C6C600000000     
   335 000009FF 18306000FE66607C60-         db 0x18, 0x30, 0x60, 0x00, 0xfe, 0x66, 0x60, 0x7c, 0x60, 0x60, 0x66, 0xfe, 0x00, 0x00, 0x00, 0x00
   335 00000A08 6066FE00000000     
   336 00000A0F 00000000006E3B1B7E-         db 0x00, 0x00, 0x00, 0x00, 0x00, 0x6e, 0x3b, 0x1b, 0x7e, 0xd8, 0xdc, 0x77, 0x00, 0x00, 0x00, 0x00
   336 00000A18 D8DC7700000000     
   337 00000A1F 00003E6CCCCCFECCCC-         db 0x00, 0x00, 0x3e, 0x6c, 0xcc, 0xcc, 0xfe, 0xcc, 0xcc, 0xcc, 0xcc, 0xce, 0x00, 0x00, 0x00, 0x00
   337 00000A28 CCCCCE00000000     
   338 00000A2F 0010386C007CC6C6C6-         db 0x00, 0x10, 0x38, 0x6c, 0x00, 0x7c, 0xc6, 0xc6, 0xc6, 0xc6, 0xc6, 0x7c, 0x00, 0x00, 0x00, 0x00
   338 00000A38 C6C67C00000000     
   339 00000A3F 0000C600007CC6C6C6-         db 0x00, 0x00, 0xc6, 0x00, 0x00, 0x7c, 0xc6, 0xc6, 0xc6, 0xc6, 0xc6, 0x7c, 0x00, 0x00, 0x00, 0x00
   339 00000A48 C6C67C00000000     
   340 00000A4F 00603018007CC6C6C6-         db 0x00, 0x60, 0x30, 0x18, 0x00, 0x7c, 0xc6, 0xc6, 0xc6, 0xc6, 0xc6, 0x7c, 0x00, 0x00, 0x00, 0x00
   340 00000A58 C6C67C00000000     
   341 00000A5F 003078CC00CCCCCCCC-         db 0x00, 0x30, 0x78, 0xcc, 0x00, 0xcc, 0xcc, 0xcc, 0xcc, 0xcc, 0xcc, 0x76, 0x00, 0x00, 0x00, 0x00
   341 00000A68 CCCC7600000000     
   342 00000A6F 0060301800CCCCCCCC-         db 0x00, 0x60, 0x30, 0x18, 0x00, 0xcc, 0xcc, 0xcc, 0xcc, 0xcc, 0xcc, 0x76, 0x00, 0x00, 0x00, 0x00
   342 00000A78 CCCC7600000000     
   343 00000A7F 0000C60000C6C6C6C6-         db 0x00, 0x00, 0xc6, 0x00, 0x00, 0xc6, 0xc6, 0xc6, 0xc6, 0xc6, 0xc6, 0x7e, 0x06, 0x0c, 0x78, 0x00
   343 00000A88 C6C67E060C7800     
   344 00000A8F 00C6007CC6C6C6C6C6-         db 0x00, 0xc6, 0x00, 0x7c, 0xc6, 0xc6, 0xc6, 0xc6, 0xc6, 0xc6, 0xc6, 0x7c, 0x00, 0x00, 0x00, 0x00
   344 00000A98 C6C67C00000000     
   345 00000A9F 00C600C6C6C6C6C6C6-         db 0x00, 0xc6, 0x00, 0xc6, 0xc6, 0xc6, 0xc6, 0xc6, 0xc6, 0xc6, 0xc6, 0x7c, 0x00, 0x00, 0x00, 0x00
   345 00000AA8 C6C67C00000000     
   346 00000AAF 0018187EC3C0C0C0C3-         db 0x00, 0x18, 0x18, 0x7e, 0xc3, 0xc0, 0xc0, 0xc0, 0xc3, 0x7e, 0x18, 0x18, 0x00, 0x00, 0x00, 0x00
   346 00000AB8 7E181800000000     
   347 00000ABF 00386C6460F0606060-         db 0x00, 0x38, 0x6c, 0x64, 0x60, 0xf0, 0x60, 0x60, 0x60, 0x60, 0xe6, 0xfc, 0x00, 0x00, 0x00, 0x00
   347 00000AC8 60E6FC00000000     
   348 00000ACF 0000C3663C18FF18FF-         db 0x00, 0x00, 0xc3, 0x66, 0x3c, 0x18, 0xff, 0x18, 0xff, 0x18, 0x18, 0x18, 0x00, 0x00, 0x00, 0x00
   348 00000AD8 18181800000000     
   349 00000ADF 00FC66667C62666F66-         db 0x00, 0xfc, 0x66, 0x66, 0x7c, 0x62, 0x66, 0x6f, 0x66, 0x66, 0x66, 0xf3, 0x00, 0x00, 0x00, 0x00
   349 00000AE8 6666F300000000     
   350 00000AEF 000E1B1818187E1818-         db 0x00, 0x0e, 0x1b, 0x18, 0x18, 0x18, 0x7e, 0x18, 0x18, 0x18, 0x18, 0x18, 0xd8, 0x70, 0x00, 0x00
   350 00000AF8 181818D8700000     
   351 00000AFF 0018306000780C7CCC-         db 0x00, 0x18, 0x30, 0x60, 0x00, 0x78, 0x0c, 0x7c, 0xcc, 0xcc, 0xcc, 0x76, 0x00, 0x00, 0x00, 0x00
   351 00000B08 CCCC7600000000     
   352 00000B0F 000C18300038181818-         db 0x00, 0x0c, 0x18, 0x30, 0x00, 0x38, 0x18, 0x18, 0x18, 0x18, 0x18, 0x3c, 0x00, 0x00, 0x00, 0x00
   352 00000B18 18183C00000000     
   353 00000B1F 00183060007CC6C6C6-         db 0x00, 0x18, 0x30, 0x60, 0x00, 0x7c, 0xc6, 0xc6, 0xc6, 0xc6, 0xc6, 0x7c, 0x00, 0x00, 0x00, 0x00
   353 00000B28 C6C67C00000000     
   354 00000B2F 0018306000CCCCCCCC-         db 0x00, 0x18, 0x30, 0x60, 0x00, 0xcc, 0xcc, 0xcc, 0xcc, 0xcc, 0xcc, 0x76, 0x00, 0x00, 0x00, 0x00
   354 00000B38 CCCC7600000000     
   355 00000B3F 000076DC00DC666666-         db 0x00, 0x00, 0x76, 0xdc, 0x00, 0xdc, 0x66, 0x66, 0x66, 0x66, 0x66, 0x66, 0x00, 0x00, 0x00, 0x00
   355 00000B48 66666600000000     
   356 00000B4F 76DC00C6E6F6FEDECE-         db 0x76, 0xdc, 0x00, 0xc6, 0xe6, 0xf6, 0xfe, 0xde, 0xce, 0xc6, 0xc6, 0xc6, 0x00, 0x00, 0x00, 0x00
   356 00000B58 C6C6C600000000     
   357 00000B5F 003C6C6C3E007E0000-         db 0x00, 0x3c, 0x6c, 0x6c, 0x3e, 0x00, 0x7e, 0x00, 0x00, 0x00, 0x00, 0x00, 0x00, 0x00, 0x00, 0x00
   357 00000B68 00000000000000     
   358 00000B6F 00386C6C38007C0000-         db 0x00, 0x38, 0x6c, 0x6c, 0x38, 0x00, 0x7c, 0x00, 0x00, 0x00, 0x00, 0x00, 0x00, 0x00, 0x00, 0x00
   358 00000B78 00000000000000     
   359 00000B7F 0000303000303060C0-         db 0x00, 0x00, 0x30, 0x30, 0x00, 0x30, 0x30, 0x60, 0xc0, 0xc6, 0xc6, 0x7c, 0x00, 0x00, 0x00, 0x00
   359 00000B88 C6C67C00000000     
   360 00000B8F 000000000000FEC0C0-         db 0x00, 0x00, 0x00, 0x00, 0x00, 0x00, 0xfe, 0xc0, 0xc0, 0xc0, 0xc0, 0x00, 0x00, 0x00, 0x00, 0x00
   360 00000B98 C0C00000000000     
   361 00000B9F 000000000000FE0606-         db 0x00, 0x00, 0x00, 0x00, 0x00, 0x00, 0xfe, 0x06, 0x06, 0x06, 0x06, 0x00, 0x00, 0x00, 0x00, 0x00
   361 00000BA8 06060000000000     
   362 00000BAF 00C0C0C2C6CC183060-         db 0x00, 0xc0, 0xc0, 0xc2, 0xc6, 0xcc, 0x18, 0x30, 0x60, 0xce, 0x9b, 0x06, 0x0c, 0x1f, 0x00, 0x00
   362 00000BB8 CE9B060C1F0000     
   363 00000BBF 00C0C0C2C6CC183066-         db 0x00, 0xc0, 0xc0, 0xc2, 0xc6, 0xcc, 0x18, 0x30, 0x66, 0xce, 0x96, 0x3e, 0x06, 0x06, 0x00, 0x00
   363 00000BC8 CE963E06060000     
   364 00000BCF 00001818001818183C-         db 0x00, 0x00, 0x18, 0x18, 0x00, 0x18, 0x18, 0x18, 0x3c, 0x3c, 0x3c, 0x18, 0x00, 0x00, 0x00, 0x00
   364 00000BD8 3C3C1800000000     
   365 00000BDF 0000000000366CD86C-         db 0x00, 0x00, 0x00, 0x00, 0x00, 0x36, 0x6c, 0xd8, 0x6c, 0x36, 0x00, 0x00, 0x00, 0x00, 0x00, 0x00
   365 00000BE8 36000000000000     
   366 00000BEF 0000000000D86C366C-         db 0x00, 0x00, 0x00, 0x00, 0x00, 0xd8, 0x6c, 0x36, 0x6c, 0xd8, 0x00, 0x00, 0x00, 0x00, 0x00, 0x00
   366 00000BF8 D8000000000000     
   367 00000BFF 114411441144114411-         db 0x11, 0x44, 0x11, 0x44, 0x11, 0x44, 0x11, 0x44, 0x11, 0x44, 0x11, 0x44, 0x11, 0x44, 0x11, 0x44
   367 00000C08 44114411441144     
   368 00000C0F 55AA55AA55AA55AA55-         db 0x55, 0xaa, 0x55, 0xaa, 0x55, 0xaa, 0x55, 0xaa, 0x55, 0xaa, 0x55, 0xaa, 0x55, 0xaa, 0x55, 0xaa
   368 00000C18 AA55AA55AA55AA     
   369 00000C1F DD77DD77DD77DD77DD-         db 0xdd, 0x77, 0xdd, 0x77, 0xdd, 0x77, 0xdd, 0x77, 0xdd, 0x77, 0xdd, 0x77, 0xdd, 0x77, 0xdd, 0x77
   369 00000C28 77DD77DD77DD77     
   370 00000C2F 181818181818181818-         db 0x18, 0x18, 0x18, 0x18, 0x18, 0x18, 0x18, 0x18, 0x18, 0x18, 0x18, 0x18, 0x18, 0x18, 0x18, 0x18
   370 00000C38 18181818181818     
   371 00000C3F 18181818181818F818-         db 0x18, 0x18, 0x18, 0x18, 0x18, 0x18, 0x18, 0xf8, 0x18, 0x18, 0x18, 0x18, 0x18, 0x18, 0x18, 0x18
   371 00000C48 18181818181818     
   372 00000C4F 1818181818F818F818-         db 0x18, 0x18, 0x18, 0x18, 0x18, 0xf8, 0x18, 0xf8, 0x18, 0x18, 0x18, 0x18, 0x18, 0x18, 0x18, 0x18
   372 00000C58 18181818181818     
   373 00000C5F 36363636363636F636-         db 0x36, 0x36, 0x36, 0x36, 0x36, 0x36, 0x36, 0xf6, 0x36, 0x36, 0x36, 0x36, 0x36, 0x36, 0x36, 0x36
   373 00000C68 36363636363636     
   374 00000C6F 00000000000000FE36-         db 0x00, 0x00, 0x00, 0x00, 0x00, 0x00, 0x00, 0xfe, 0x36, 0x36, 0x36, 0x36, 0x36, 0x36, 0x36, 0x36
   374 00000C78 36363636363636     
   375 00000C7F 0000000000F818F818-         db 0x00, 0x00, 0x00, 0x00, 0x00, 0xf8, 0x18, 0xf8, 0x18, 0x18, 0x18, 0x18, 0x18, 0x18, 0x18, 0x18
   375 00000C88 18181818181818     
   376 00000C8F 3636363636F606F636-         db 0x36, 0x36, 0x36, 0x36, 0x36, 0xf6, 0x06, 0xf6, 0x36, 0x36, 0x36, 0x36, 0x36, 0x36, 0x36, 0x36
   376 00000C98 36363636363636     
   377 00000C9F 363636363636363636-         db 0x36, 0x36, 0x36, 0x36, 0x36, 0x36, 0x36, 0x36, 0x36, 0x36, 0x36, 0x36, 0x36, 0x36, 0x36, 0x36
   377 00000CA8 36363636363636     
   378 00000CAF 0000000000FE06F636-         db 0x00, 0x00, 0x00, 0x00, 0x00, 0xfe, 0x06, 0xf6, 0x36, 0x36, 0x36, 0x36, 0x36, 0x36, 0x36, 0x36
   378 00000CB8 36363636363636     
   379 00000CBF 3636363636F606FE00-         db 0x36, 0x36, 0x36, 0x36, 0x36, 0xf6, 0x06, 0xfe, 0x00, 0x00, 0x00, 0x00, 0x00, 0x00, 0x00, 0x00
   379 00000CC8 00000000000000     
   380 00000CCF 36363636363636FE00-         db 0x36, 0x36, 0x36, 0x36, 0x36, 0x36, 0x36, 0xfe, 0x00, 0x00, 0x00, 0x00, 0x00, 0x00, 0x00, 0x00
   380 00000CD8 00000000000000     
   381 00000CDF 1818181818F818F800-         db 0x18, 0x18, 0x18, 0x18, 0x18, 0xf8, 0x18, 0xf8, 0x00, 0x00, 0x00, 0x00, 0x00, 0x00, 0x00, 0x00
   381 00000CE8 00000000000000     
   382 00000CEF 00000000000000F818-         db 0x00, 0x00, 0x00, 0x00, 0x00, 0x00, 0x00, 0xf8, 0x18, 0x18, 0x18, 0x18, 0x18, 0x18, 0x18, 0x18
   382 00000CF8 18181818181818     
   383 00000CFF 181818181818181F00-         db 0x18, 0x18, 0x18, 0x18, 0x18, 0x18, 0x18, 0x1f, 0x00, 0x00, 0x00, 0x00, 0x00, 0x00, 0x00, 0x00
   383 00000D08 00000000000000     
   384 00000D0F 18181818181818FF00-         db 0x18, 0x18, 0x18, 0x18, 0x18, 0x18, 0x18, 0xff, 0x00, 0x00, 0x00, 0x00, 0x00, 0x00, 0x00, 0x00
   384 00000D18 00000000000000     
   385 00000D1F 00000000000000FF18-         db 0x00, 0x00, 0x00, 0x00, 0x00, 0x00, 0x00, 0xff, 0x18, 0x18, 0x18, 0x18, 0x18, 0x18, 0x18, 0x18
   385 00000D28 18181818181818     
   386 00000D2F 181818181818181F18-         db 0x18, 0x18, 0x18, 0x18, 0x18, 0x18, 0x18, 0x1f, 0x18, 0x18, 0x18, 0x18, 0x18, 0x18, 0x18, 0x18
   386 00000D38 18181818181818     
   387 00000D3F 00000000000000FF00-         db 0x00, 0x00, 0x00, 0x00, 0x00, 0x00, 0x00, 0xff, 0x00, 0x00, 0x00, 0x00, 0x00, 0x00, 0x00, 0x00
   387 00000D48 00000000000000     
   388 00000D4F 18181818181818FF18-         db 0x18, 0x18, 0x18, 0x18, 0x18, 0x18, 0x18, 0xff, 0x18, 0x18, 0x18, 0x18, 0x18, 0x18, 0x18, 0x18
   388 00000D58 18181818181818     
   389 00000D5F 18181818181F181F18-         db 0x18, 0x18, 0x18, 0x18, 0x18, 0x1f, 0x18, 0x1f, 0x18, 0x18, 0x18, 0x18, 0x18, 0x18, 0x18, 0x18
   389 00000D68 18181818181818     
   390 00000D6F 363636363636363736-         db 0x36, 0x36, 0x36, 0x36, 0x36, 0x36, 0x36, 0x37, 0x36, 0x36, 0x36, 0x36, 0x36, 0x36, 0x36, 0x36
   390 00000D78 36363636363636     
   391 00000D7F 363636363637303F00-         db 0x36, 0x36, 0x36, 0x36, 0x36, 0x37, 0x30, 0x3f, 0x00, 0x00, 0x00, 0x00, 0x00, 0x00, 0x00, 0x00
   391 00000D88 00000000000000     
   392 00000D8F 00000000003F303736-         db 0x00, 0x00, 0x00, 0x00, 0x00, 0x3f, 0x30, 0x37, 0x36, 0x36, 0x36, 0x36, 0x36, 0x36, 0x36, 0x36
   392 00000D98 36363636363636     
   393 00000D9F 3636363636F700FF00-         db 0x36, 0x36, 0x36, 0x36, 0x36, 0xf7, 0x00, 0xff, 0x00, 0x00, 0x00, 0x00, 0x00, 0x00, 0x00, 0x00
   393 00000DA8 00000000000000     
   394 00000DAF 0000000000FF00F736-         db 0x00, 0x00, 0x00, 0x00, 0x00, 0xff, 0x00, 0xf7, 0x36, 0x36, 0x36, 0x36, 0x36, 0x36, 0x36, 0x36
   394 00000DB8 36363636363636     
   395 00000DBF 363636363637303736-         db 0x36, 0x36, 0x36, 0x36, 0x36, 0x37, 0x30, 0x37, 0x36, 0x36, 0x36, 0x36, 0x36, 0x36, 0x36, 0x36
   395 00000DC8 36363636363636     
   396 00000DCF 0000000000FF00FF00-         db 0x00, 0x00, 0x00, 0x00, 0x00, 0xff, 0x00, 0xff, 0x00, 0x00, 0x00, 0x00, 0x00, 0x00, 0x00, 0x00
   396 00000DD8 00000000000000     
   397 00000DDF 3636363636F700F736-         db 0x36, 0x36, 0x36, 0x36, 0x36, 0xf7, 0x00, 0xf7, 0x36, 0x36, 0x36, 0x36, 0x36, 0x36, 0x36, 0x36
   397 00000DE8 36363636363636     
   398 00000DEF 1818181818FF00FF00-         db 0x18, 0x18, 0x18, 0x18, 0x18, 0xff, 0x00, 0xff, 0x00, 0x00, 0x00, 0x00, 0x00, 0x00, 0x00, 0x00
   398 00000DF8 00000000000000     
   399 00000DFF 36363636363636FF00-         db 0x36, 0x36, 0x36, 0x36, 0x36, 0x36, 0x36, 0xff, 0x00, 0x00, 0x00, 0x00, 0x00, 0x00, 0x00, 0x00
   399 00000E08 00000000000000     
   400 00000E0F 0000000000FF00FF18-         db 0x00, 0x00, 0x00, 0x00, 0x00, 0xff, 0x00, 0xff, 0x18, 0x18, 0x18, 0x18, 0x18, 0x18, 0x18, 0x18
   400 00000E18 18181818181818     
   401 00000E1F 00000000000000FF36-         db 0x00, 0x00, 0x00, 0x00, 0x00, 0x00, 0x00, 0xff, 0x36, 0x36, 0x36, 0x36, 0x36, 0x36, 0x36, 0x36
   401 00000E28 36363636363636     
   402 00000E2F 363636363636363F00-         db 0x36, 0x36, 0x36, 0x36, 0x36, 0x36, 0x36, 0x3f, 0x00, 0x00, 0x00, 0x00, 0x00, 0x00, 0x00, 0x00
   402 00000E38 00000000000000     
   403 00000E3F 18181818181F181F00-         db 0x18, 0x18, 0x18, 0x18, 0x18, 0x1f, 0x18, 0x1f, 0x00, 0x00, 0x00, 0x00, 0x00, 0x00, 0x00, 0x00
   403 00000E48 00000000000000     
   404 00000E4F 00000000001F181F18-         db 0x00, 0x00, 0x00, 0x00, 0x00, 0x1f, 0x18, 0x1f, 0x18, 0x18, 0x18, 0x18, 0x18, 0x18, 0x18, 0x18
   404 00000E58 18181818181818     
   405 00000E5F 000000000000003F36-         db 0x00, 0x00, 0x00, 0x00, 0x00, 0x00, 0x00, 0x3f, 0x36, 0x36, 0x36, 0x36, 0x36, 0x36, 0x36, 0x36
   405 00000E68 36363636363636     
   406 00000E6F 36363636363636FF36-         db 0x36, 0x36, 0x36, 0x36, 0x36, 0x36, 0x36, 0xff, 0x36, 0x36, 0x36, 0x36, 0x36, 0x36, 0x36, 0x36
   406 00000E78 36363636363636     
   407 00000E7F 1818181818FF18FF18-         db 0x18, 0x18, 0x18, 0x18, 0x18, 0xff, 0x18, 0xff, 0x18, 0x18, 0x18, 0x18, 0x18, 0x18, 0x18, 0x18
   407 00000E88 18181818181818     
   408 00000E8F 18181818181818F800-         db 0x18, 0x18, 0x18, 0x18, 0x18, 0x18, 0x18, 0xf8, 0x00, 0x00, 0x00, 0x00, 0x00, 0x00, 0x00, 0x00
   408 00000E98 00000000000000     
   409 00000E9F 000000000000001F18-         db 0x00, 0x00, 0x00, 0x00, 0x00, 0x00, 0x00, 0x1f, 0x18, 0x18, 0x18, 0x18, 0x18, 0x18, 0x18, 0x18
   409 00000EA8 18181818181818     
   410 00000EAF FFFFFFFFFFFFFFFFFF-         db 0xff, 0xff, 0xff, 0xff, 0xff, 0xff, 0xff, 0xff, 0xff, 0xff, 0xff, 0xff, 0xff, 0xff, 0xff, 0xff
   410 00000EB8 FFFFFFFFFFFFFF     
   411 00000EBF 00000000000000FFFF-         db 0x00, 0x00, 0x00, 0x00, 0x00, 0x00, 0x00, 0xff, 0xff, 0xff, 0xff, 0xff, 0xff, 0xff, 0xff, 0xff
   411 00000EC8 FFFFFFFFFFFFFF     
   412 00000ECF F0F0F0F0F0F0F0F0F0-         db 0xf0, 0xf0, 0xf0, 0xf0, 0xf0, 0xf0, 0xf0, 0xf0, 0xf0, 0xf0, 0xf0, 0xf0, 0xf0, 0xf0, 0xf0, 0xf0
   412 00000ED8 F0F0F0F0F0F0F0     
   413 00000EDF 0F0F0F0F0F0F0F0F0F-         db 0x0f, 0x0f, 0x0f, 0x0f, 0x0f, 0x0f, 0x0f, 0x0f, 0x0f, 0x0f, 0x0f, 0x0f, 0x0f, 0x0f, 0x0f, 0x0f
   413 00000EE8 0F0F0F0F0F0F0F     
   414 00000EEF FFFFFFFFFFFFFF0000-         db 0xff, 0xff, 0xff, 0xff, 0xff, 0xff, 0xff, 0x00, 0x00, 0x00, 0x00, 0x00, 0x00, 0x00, 0x00, 0x00
   414 00000EF8 00000000000000     
   415 00000EFF 000000000076DCD8D8-         db 0x00, 0x00, 0x00, 0x00, 0x00, 0x76, 0xdc, 0xd8, 0xd8, 0xd8, 0xdc, 0x76, 0x00, 0x00, 0x00, 0x00
   415 00000F08 D8DC7600000000     
   416 00000F0F 000078CCCCCCD8CCC6-         db 0x00, 0x00, 0x78, 0xcc, 0xcc, 0xcc, 0xd8, 0xcc, 0xc6, 0xc6, 0xc6, 0xcc, 0x00, 0x00, 0x00, 0x00
   416 00000F18 C6C6CC00000000     
   417 00000F1F 0000FEC6C6C0C0C0C0-         db 0x00, 0x00, 0xfe, 0xc6, 0xc6, 0xc0, 0xc0, 0xc0, 0xc0, 0xc0, 0xc0, 0xc0, 0x00, 0x00, 0x00, 0x00
   417 00000F28 C0C0C000000000     
   418 00000F2F 00000000FE6C6C6C6C-         db 0x00, 0x00, 0x00, 0x00, 0xfe, 0x6c, 0x6c, 0x6c, 0x6c, 0x6c, 0x6c, 0x6c, 0x00, 0x00, 0x00, 0x00
   418 00000F38 6C6C6C00000000     
   419 00000F3F 000000FEC660301830-         db 0x00, 0x00, 0x00, 0xfe, 0xc6, 0x60, 0x30, 0x18, 0x30, 0x60, 0xc6, 0xfe, 0x00, 0x00, 0x00, 0x00
   419 00000F48 60C6FE00000000     
   420 00000F4F 00000000007ED8D8D8-         db 0x00, 0x00, 0x00, 0x00, 0x00, 0x7e, 0xd8, 0xd8, 0xd8, 0xd8, 0xd8, 0x70, 0x00, 0x00, 0x00, 0x00
   420 00000F58 D8D87000000000     
   421 00000F5F 000000006666666666-         db 0x00, 0x00, 0x00, 0x00, 0x66, 0x66, 0x66, 0x66, 0x66, 0x7c, 0x60, 0x60, 0xc0, 0x00, 0x00, 0x00
   421 00000F68 7C6060C0000000     
   422 00000F6F 0000000076DC181818-         db 0x00, 0x00, 0x00, 0x00, 0x76, 0xdc, 0x18, 0x18, 0x18, 0x18, 0x18, 0x18, 0x00, 0x00, 0x00, 0x00
   422 00000F78 18181800000000     
   423 00000F7F 0000007E183C666666-         db 0x00, 0x00, 0x00, 0x7e, 0x18, 0x3c, 0x66, 0x66, 0x66, 0x3c, 0x18, 0x7e, 0x00, 0x00, 0x00, 0x00
   423 00000F88 3C187E00000000     
   424 00000F8F 000000386CC6C6FEC6-         db 0x00, 0x00, 0x00, 0x38, 0x6c, 0xc6, 0xc6, 0xfe, 0xc6, 0xc6, 0x6c, 0x38, 0x00, 0x00, 0x00, 0x00
   424 00000F98 C66C3800000000     
   425 00000F9F 0000386CC6C6C66C6C-         db 0x00, 0x00, 0x38, 0x6c, 0xc6, 0xc6, 0xc6, 0x6c, 0x6c, 0x6c, 0x6c, 0xee, 0x00, 0x00, 0x00, 0x00
   425 00000FA8 6C6CEE00000000     
   426 00000FAF 00001E30180C3E6666-         db 0x00, 0x00, 0x1e, 0x30, 0x18, 0x0c, 0x3e, 0x66, 0x66, 0x66, 0x66, 0x3c, 0x00, 0x00, 0x00, 0x00
   426 00000FB8 66663C00000000     
   427 00000FBF 00000000007EDBDBDB-         db 0x00, 0x00, 0x00, 0x00, 0x00, 0x7e, 0xdb, 0xdb, 0xdb, 0x7e, 0x00, 0x00, 0x00, 0x00, 0x00, 0x00
   427 00000FC8 7E000000000000     
   428 00000FCF 00000003067EDBDBF3-         db 0x00, 0x00, 0x00, 0x03, 0x06, 0x7e, 0xdb, 0xdb, 0xf3, 0x7e, 0x60, 0xc0, 0x00, 0x00, 0x00, 0x00
   428 00000FD8 7E60C000000000     
   429 00000FDF 00001C3060607C6060-         db 0x00, 0x00, 0x1c, 0x30, 0x60, 0x60, 0x7c, 0x60, 0x60, 0x60, 0x30, 0x1c, 0x00, 0x00, 0x00, 0x00
   429 00000FE8 60301C00000000     
   430 00000FEF 0000007CC6C6C6C6C6-         db 0x00, 0x00, 0x00, 0x7c, 0xc6, 0xc6, 0xc6, 0xc6, 0xc6, 0xc6, 0xc6, 0xc6, 0x00, 0x00, 0x00, 0x00
   430 00000FF8 C6C6C600000000     
   431 00000FFF 00000000FE0000FE00-         db 0x00, 0x00, 0x00, 0x00, 0xfe, 0x00, 0x00, 0xfe, 0x00, 0x00, 0xfe, 0x00, 0x00, 0x00, 0x00, 0x00
   431 00001008 00FE0000000000     
   432 0000100F 0000000018187E1818-         db 0x00, 0x00, 0x00, 0x00, 0x18, 0x18, 0x7e, 0x18, 0x18, 0x00, 0x00, 0xff, 0x00, 0x00, 0x00, 0x00
   432 00001018 0000FF00000000     
   433 0000101F 00000030180C060C18-         db 0x00, 0x00, 0x00, 0x30, 0x18, 0x0c, 0x06, 0x0c, 0x18, 0x30, 0x00, 0x7e, 0x00, 0x00, 0x00, 0x00
   433 00001028 30007E00000000     
   434 0000102F 0000000C1830603018-         db 0x00, 0x00, 0x00, 0x0c, 0x18, 0x30, 0x60, 0x30, 0x18, 0x0c, 0x00, 0x7e, 0x00, 0x00, 0x00, 0x00
   434 00001038 0C007E00000000     
   435 0000103F 00000E1B1B18181818-         db 0x00, 0x00, 0x0e, 0x1b, 0x1b, 0x18, 0x18, 0x18, 0x18, 0x18, 0x18, 0x18, 0x18, 0x18, 0x18, 0x18
   435 00001048 18181818181818     
   436 0000104F 1818181818181818D8-         db 0x18, 0x18, 0x18, 0x18, 0x18, 0x18, 0x18, 0x18, 0xd8, 0xd8, 0xd8, 0x70, 0x00, 0x00, 0x00, 0x00
   436 00001058 D8D87000000000     
   437 0000105F 000000001818007E00-         db 0x00, 0x00, 0x00, 0x00, 0x18, 0x18, 0x00, 0x7e, 0x00, 0x18, 0x18, 0x00, 0x00, 0x00, 0x00, 0x00
   437 00001068 18180000000000     
   438 0000106F 000000000076DC0076-         db 0x00, 0x00, 0x00, 0x00, 0x00, 0x76, 0xdc, 0x00, 0x76, 0xdc, 0x00, 0x00, 0x00, 0x00, 0x00, 0x00
   438 00001078 DC000000000000     
   439 0000107F 00386C6C3800000000-         db 0x00, 0x38, 0x6c, 0x6c, 0x38, 0x00, 0x00, 0x00, 0x00, 0x00, 0x00, 0x00, 0x00, 0x00, 0x00, 0x00
   439 00001088 00000000000000     
   440 0000108F 000000000000001818-         db 0x00, 0x00, 0x00, 0x00, 0x00, 0x00, 0x00, 0x18, 0x18, 0x00, 0x00, 0x00, 0x00, 0x00, 0x00, 0x00
   440 00001098 00000000000000     
   441 0000109F 000000000000000018-         db 0x00, 0x00, 0x00, 0x00, 0x00, 0x00, 0x00, 0x00, 0x18, 0x00, 0x00, 0x00, 0x00, 0x00, 0x00, 0x00
   441 000010A8 00000000000000     
   442 000010AF 000F0C0C0C0C0CEC6C-         db 0x00, 0x0f, 0x0c, 0x0c, 0x0c, 0x0c, 0x0c, 0xec, 0x6c, 0x6c, 0x3c, 0x1c, 0x00, 0x00, 0x00, 0x00
   442 000010B8 6C3C1C00000000     
   443 000010BF 00D86C6C6C6C6C0000-         db 0x00, 0xd8, 0x6c, 0x6c, 0x6c, 0x6c, 0x6c, 0x00, 0x00, 0x00, 0x00, 0x00, 0x00, 0x00, 0x00, 0x00
   443 000010C8 00000000000000     
   444 000010CF 0070D83060C8F80000-         db 0x00, 0x70, 0xd8, 0x30, 0x60, 0xc8, 0xf8, 0x00, 0x00, 0x00, 0x00, 0x00, 0x00, 0x00, 0x00, 0x00
   444 000010D8 00000000000000     
   445 000010DF 000000007C7C7C7C7C-         db 0x00, 0x00, 0x00, 0x00, 0x7c, 0x7c, 0x7c, 0x7c, 0x7c, 0x7c, 0x7c, 0x00, 0x00, 0x00, 0x00, 0x00
   445 000010E8 7C7C0000000000     
   446 000010EF 000000000000000000-         db 0x00, 0x00, 0x00, 0x00, 0x00, 0x00, 0x00, 0x00, 0x00, 0x00, 0x00, 0x00, 0x00, 0x00, 0x00, 0x00
   446 000010F8 00000000000000     
   447                                  
   448                                  ;--------------------------------------------------------------------------------
   449                                  ; Punto de entrada
   450                                  ;--------------------------------------------------------------------------------
   451                                  
   452                                  _bios_init:
   453                                  
   454                                  ; Recorrer bus PCI. Bochs solo soporta bus cero ya que no tiene "PCI to PCI bridge".
   455                                  ; Cada bus tiene hasta 32 dispositivos.
   456                                  ; Si el dispositivo es compuesto puede tener hasta 8 funciones.
   457                                  ; Formato puerto 0x0CF8:
   458                                  ; Bit 31 = Siempre a "1"
   459                                  ; Bits 30-24 = Reservado (siempre a "0")
   460                                  ; Bits 23-16 = Número de bus (0 en nuestra aplicación)
   461                                  ; Bits 15-11 = Número de dispositivo (0-31)
   462                                  ; Bits 10-8 = Número de función (0-7)
   463                                  ; Bits 7-2 = Número de registro
   464                                  ; Bits 1-0: Siempre cero.
   465                                  
   466                                  recorrer_bus_pci:
   467 000010FF 66BD00400000                mov     ebp, 0x4000             ; Primera dirección de entrada/salida para PCI.
   468 00001105 66BF000000C0                mov     edi, 0xC0000000         ; Primera dirección a asignar a dispositivos PCI.
   469 0000110B 66BE00000080                mov     esi, 0x80000000         ; Bus 0, dispositivo 0, función 0.
   470                                  
   471                                  ciclo_recorrer_bus_pci:
   472 00001111 6681FE00000180              cmp     esi, 0x80010000         ; Verificar si se recorrió todo el bus 0.
   473 00001118 0F843001                    jz      fin_recorrido_pci
   474                                  
   475                                  ; Leer registro 0: Bits 31-16: device ID,
   476                                  leer_registro_pci 0                 ; Bits 15-0: vendor ID.
   476 0000111C 66B800000000        <1>  mov eax, %1
   476 00001122 6609F0              <1>  or eax, esi
   476 00001125 BAF80C              <1>  mov dx, 0x0CF8
   476 00001128 66EF                <1>  out dx, eax
   476 0000112A BAFC0C              <1>  mov dx, 0x0CFC
   476 0000112D 66ED                <1>  in eax, dx
   477 0000112F 83F8FF                      cmp     ax, 0xFFFF              ; Vendor ID 0xFFFF no existe.
   478 00001132 7509                        jnz     dispositivo_hallado
   479 00001134 6681C600080000              add     esi,0x0800              ; Ir al siguiente dispositivo
   480 0000113B EBD4                        jmp     ciclo_recorrer_bus_pci
   481                                  
   482                                  dispositivo_hallado:                ; Leer registro 0x0C: Bit 23: multiple function bit
   483                                      leer_registro_pci 0x0C
   483 0000113D 66B80C000000        <1>  mov eax, %1
   483 00001143 6609F0              <1>  or eax, esi
   483 00001146 BAF80C              <1>  mov dx, 0x0CF8
   483 00001149 66EF                <1>  out dx, eax
   483 0000114B BAFC0C              <1>  mov dx, 0x0CFC
   483 0000114E 66ED                <1>  in eax, dx
   484 00001150 B508                        mov     ch, 8                   ; Cantidad de funciones a procesar.
   485 00001152 660FBAE017                  bt      eax, 23
   486 00001157 7202                        jc      procesar_funcion
   487 00001159 B501                        mov     ch, 1
   488                                      
   489                                  procesar_funcion:                   ; Leer registro 0: Bits 31-16: device ID,
   490                                      leer_registro_pci 0             ; Bits 15-0: vendor ID.
   490 0000115B 66B800000000        <1>  mov eax, %1
   490 00001161 6609F0              <1>  or eax, esi
   490 00001164 BAF80C              <1>  mov dx, 0x0CF8
   490 00001167 66EF                <1>  out dx, eax
   490 00001169 BAFC0C              <1>  mov dx, 0x0CFC
   490 0000116C 66ED                <1>  in eax, dx
   491 0000116E 83F8FF                      cmp     ax, 0xFFFF              ; Vendor ID 0xFFFF no existe.
   492 00001171 7523                        jnz     funcion_hallada   
   493                                  
   494                                  ir_a_siguiente_funcion:
   495 00001173 6681C600010000              add     esi, 0x0100             ; Ir a la siguiente función
   496 0000117A FECD                        dec     ch
   497 0000117C 75DD                        jnz     procesar_funcion
   498 0000117E 6681EE00010000              sub     esi, 0x0100             ; Ir al siguiente dispositivo
   499 00001185 6681CE00070000              or      esi, 0x0700
   500 0000118C 6681C600010000              add     esi, 0x0100
   501 00001193 E97BFF                      jmp     ciclo_recorrer_bus_pci
   502                                  
   503                                  funcion_hallada:                    ; Leer registro 0x0C: Bits 22-16: header type
   504                                      leer_registro_pci 0x0C
   504 00001196 66B80C000000        <1>  mov eax, %1
   504 0000119C 6609F0              <1>  or eax, esi
   504 0000119F BAF80C              <1>  mov dx, 0x0CF8
   504 000011A2 66EF                <1>  out dx, eax
   504 000011A4 BAFC0C              <1>  mov dx, 0x0CFC
   504 000011A7 66ED                <1>  in eax, dx
   505 000011A9 66A900007F00                test    eax,0x007F0000          ; Solo soportamos header type cero.
   506 000011AF 75C2                        jnz     ir_a_siguiente_funcion
   507                                      leer_registro_pci 0x08          ; Leer clase y subclase.
   507 000011B1 66B808000000        <1>  mov eax, %1
   507 000011B7 6609F0              <1>  or eax, esi
   507 000011BA BAF80C              <1>  mov dx, 0x0CF8
   507 000011BD 66EF                <1>  out dx, eax
   507 000011BF BAFC0C              <1>  mov dx, 0x0CFC
   507 000011C2 66ED                <1>  in eax, dx
   508 000011C4 B110                        mov     cl, 0x10                ; Apuntar al primer Base Address Register (BAR)
   509                                  
   510                                  ciclo_llenar_BAR:
   511 000011C6 660FB6C1                    movzx   eax, cl
   512 000011CA 6609F0                      or      eax, esi 
   513 000011CD BAF80C                      mov     dx, 0x0CF8
   514 000011D0 66EF                        out     dx, eax
   515 000011D2 66B8FFFFFFFF                mov     eax, 0xFFFFFFFF         ; Escribir 0xFFFFFFFF en el BAR
   516 000011D8 BAFC0C                      mov     dx, 0x0CFC  
   517 000011DB 66EF                        out     dx, eax
   518 000011DD 660FB6C1                    movzx   eax, cl
   519                                      leer_registro_pci eax           ; Leerlo.
   519 000011E1 6689C0              <1>  mov eax, %1
   519 000011E4 6609F0              <1>  or eax, esi
   519 000011E7 BAF80C              <1>  mov dx, 0x0CF8
   519 000011EA 66EF                <1>  out dx, eax
   519 000011EC BAFC0C              <1>  mov dx, 0x0CFC
   519 000011EF 66ED                <1>  in eax, dx
   520 000011F1 A801                        test    al, 1                   ; Ver si el dispositivo está mapeado en memoria.
   521 000011F3 741E                        jz      mapeado_en_memoria
   522 000011F5 83E0FC                      and     ax, 0xFFFC              ; Eliminar los dos bits que no se usan para ports.
   523 000011F8 7445                        jz      ajustar_siguiente_BAR   ; El dispositivo no usa este BAR.
   524 000011FA 66F7D0                      not     eax                     ; Convertir en cantidad de bytes que se usa - 1.
   525 000011FD 6689C3                      mov     ebx, eax
   526 00001200 4D                          dec     bp                      ; Poner BP en dirección múltiplo de la cantidad
   527 00001201 09C5                        or      bp, ax                  ; de bytes que usa esta función.
   528 00001203 45                          inc     bp
   529 00001204 660FB6C1                    movzx   eax, cl
   530 00001208 6609F0                      or      eax, esi 
   531 0000120B BAF80C                      mov     dx, 0x0CF8
   532 0000120E 6689E8                      mov     eax, ebp
   533 00001211 EB22                        jmp     ajustar_BAR
   534                                  
   535                                  mapeado_en_memoria:
   536 00001213 6683E0F0                    and     eax, 0xFFFFFFF0         ; Eliminar los 4 bits que no se usan para puntero.
   537 00001217 7426                        jz      ajustar_siguiente_BAR   ; El dispositivo no usa este BAR.
   538 00001219 66F7D0                      not     eax                     ; Convertir en cantidad de bytes que se usa - 1.
   539 0000121C 6689C3                      mov     ebx, eax
   540 0000121F 664F                        dec     edi                     ; Poner EDI en dirección múltiplo de la cantidad
   541 00001221 6609C7                      or      edi, eax                ; de bytes que usa esta función.
   542 00001224 6647                        inc     edi
   543 00001226 660FB6C1                    movzx   eax, cl
   544 0000122A 6609F0                      or      eax, esi 
   545 0000122D BAF80C                      mov     dx, 0x0CF8
   546 00001230 66EF                        out     dx, eax
   547 00001232 6689F8                      mov     eax, edi
   548                                  
   549                                  ajustar_BAR:
   550 00001235 BAFC0C                      mov     dx, 0x0CFC  
   551 00001238 66EF                        out     dx, eax
   552 0000123A 6601DD                      add     ebp, ebx                ; Apuntar a puerto después de esta función.
   553 0000123D 6645                        inc     ebp
   554                                  
   555                                  ajustar_siguiente_BAR:
   556 0000123F 80C104                      add     cl, 4                   ; Apuntar al siguiente BAR.
   557 00001242 80F928                      cmp     cl, 0x28                ; Todos los BAR listos?
   558 00001245 0F857DFF                    jnz     ciclo_llenar_BAR
   559 00001249 E927FF                      jmp     ir_a_siguiente_funcion
   560                                  
   561                                  fin_recorrido_pci:
   562                                   
   563                                  ;--------------------------------------------------------------------------------
   564                                  ; Inicializar pantalla con texto
   565                                  ;--------------------------------------------------------------------------------
   566                                  
   567                                  habilitar_modo_texto:
   568                                  
   569                                  ; Set MISC regs
   570 0000124C BAC203                      mov     dx, 0x3C2               ; VGA_MISC_ADDR
   571 0000124F B067                        mov     al, 0x67
   572 00001251 EE                          out     dx, al
   573 00001252 BADA03                      mov     dx, 0x3DA               ; VGA_STATUS_ADDR
   574 00001255 B000                        mov     al, 0
   575 00001257 EE                          out     dx, al
   576                                  
   577                                  ; Send SEQ regs
   578 00001258 FC                          cld
   579 00001259 B100                        mov     cl, 0
   580 0000125B 66BE[03000000]              mov     esi, seq_regs_data
   581                                  
   582                                  seq_regs_loop:
   583 00001261 BAC403                      mov dx, 0x3C4                   ; Puerto del secuenciador VGA (índice)
   584 00001264 88C8                        mov al, cl
   585 00001266 EE                          out dx, al
   586                                  
   587 00001267 42                          inc     dx                      ; Puerto del secuenciador VGA (datos)
   588 00001268 2EAC                        cs  lodsb                       ; Leer dato a escribit en puerto.
   589 0000126A EE                          out     dx, al                  ; Escribir en controlador VGA.
   590                                  
   591                                  ; continue loop
   592 0000126B FEC1                        inc     cl                      ; Siguiente índice.
   593 0000126D 80F905                      cmp     cl, 5
   594 00001270 75EF                        jne     seq_regs_loop
   595                                  
   596                                  ; Eliminar protección de los registros 0 a 7 del controlador VGA.
   597 00001272 B8112C                      mov     ax, 0x2C11
   598 00001275 BAD403                      mov     dx, 0x3D4               ; VGA_CRTC_ADDR
   599 00001278 EF                          out     dx, ax
   600                                  
   601                                  ; send CRTC regs
   602 00001279 B100                        mov     cl, 0
   603 0000127B 66BE[08000000]              mov     esi, crtc_regs_data
   604                                  
   605                                  crtc_regs_loop:
   606 00001281 BAD403                      mov     dx, 0x3D4               ; Puerto de índice del controlador VGA
   607 00001284 88C8                        mov     al, cl
   608 00001286 EE                          out     dx, al
   609 00001287 2EAC                        cs      lodsb
   610 00001289 42                          inc     dx                      ; Puerto de datos del controlador VGA.
   611 0000128A EE                          out     dx, al
   612 0000128B FEC1                        inc     cl
   613 0000128D 80F919                      cmp     cl, 25
   614 00001290 72EF                        jb  crtc_regs_loop
   615                                  
   616                                  inicializar_paleta:
   617 00001292 B100                        mov     cl, 0
   618 00001294 66BE[3F000000]              mov     esi, palette_data
   619                                  
   620                                  inicializar_paleta_loop:
   621 0000129A BAC803                      mov     dx, 0x3C8               ; Puerto de índice paleta
   622 0000129D 88C8                        mov     al, cl                  ; Escribir número de registro
   623 0000129F EE                          out     dx, al
   624 000012A0 42                          inc     dx                      ; Apuntar al puerto de datos.
   625 000012A1 2EAC                        cs      lodsb                   ; Leer dato a cargar en el registro.
   626 000012A3 EE                          out     dx, al                  ; Cargar dato en el registro.
   627 000012A4 2EAC                        cs      lodsb                   ; Leer dato a cargar en el registro.
   628 000012A6 EE                          out     dx, al                  ; Cargar dato en el registro.
   629 000012A7 2EAC                        cs      lodsb                   ; Leer dato a cargar en el registro.
   630 000012A9 EE                          out     dx, al                  ; Cargar dato en el registro.
   631 000012AA FEC1                        inc     cl
   632 000012AC 80F940                      cmp     cl,64
   633 000012AF 72E9                        jb      inicializar_paleta_loop
   634                                  
   635                                  ;Inicializar registros del controlador gráfico de VGA.
   636 000012B1 B100                        mov     cl, 0
   637 000012B3 66BE[21000000]              mov     esi, graphics_regs_data
   638                                  
   639                                  graphics_regs_loop:
   640                                  ; send register number to 3CE
   641 000012B9 BACE03                      mov     dx, 0x3CE               ; VGA_GRAPHICS_CONTROLLER_ADDR
   642 000012BC 88C8                        mov     al, cl
   643 000012BE EE                          out     dx, al
   644                                  
   645                                  ; send register value to 3CF
   646 000012BF 2EAC                        cs      lodsb
   647 000012C1 42                          inc     dx
   648 000012C2 EE                          out     dx, al
   649                                  
   650                                  ; continue GRAPHICS loop
   651 000012C3 FEC1                        inc     cl
   652 000012C5 80F909                      cmp     cl, 9
   653 000012C8 72EF                        jb      graphics_regs_loop
   654                                  
   655                                  ; Habilitar escritura al puerto del controlador de atributos
   656 000012CA BADA03                      mov     dx, 0x3DA               ; VGA STATUS ADDR
   657 000012CD EC                          in      al, dx
   658                                  
   659                                  ; Inicializar registros del controlador de atributos.
   660 000012CE B100                        mov     cl, 0
   661 000012D0 66BE[2A000000]              mov     esi, attrcon_regs_data
   662                                  
   663                                  attrcon_regs_loop:
   664                                  ; Apuntar al controlador de atributos.
   665 000012D6 BAC003                      mov     dx, 0x3C0               ; VGA_ATTRCON_ADDR
   666 000012D9 88C8                        mov     al, cl                  ; Escribir número de registro
   667 000012DB EE                          out     dx, al
   668 000012DC 2EAC                        cs      lodsb                   ; Leer dato a cargar en el registro.
   669 000012DE EE                          out     dx, al                  ; Cargar dato en el registro.
   670                                   
   671 000012DF FEC1                        inc     cl                      ; Apuntar al siguiente registro.
   672 000012E1 80F915                      cmp     cl, 21                  ; Ver si se escribieron todos los registros del ATTRCON.
   673 000012E4 72F0                        jb      attrcon_regs_loop       ; Saltar si no es así.
   674                                  
   675 000012E6 B020                        mov     al, 0x20                ; Reactivar el refresco de pantalla porque la
   676 000012E8 EE                          out     dx, al                  ; escritura a registros de ATTRCON lo desactiva.
   677                                  
   678 000012E9 BACE03                      mov     dx, 0x03ce              ; borrar modo par/impar
   679 000012EC B80500                      mov     ax, 5
   680 000012EF EF                          out     dx, ax
   681                                  
   682 000012F0 B80604                      mov     ax, 0x0406              ; Mapear memoria VGA a 0xA0000.
   683 000012F3 EF                          out     dx, ax
   684                                  
   685 000012F4 BAC403                      mov     dx, 0x03c4              ; Poner el plano de bits número 2
   686 000012F7 B80204                      mov     ax, 0x0402
   687 000012FA EF                          out     dx, ax
   688                                  
   689 000012FB B80406                      mov     ax, 0x0604              ; Borrar modo par/impar.
   690 000012FE EF                          out     dx, ax
   691                                  
   692 000012FF B800A0                      mov     ax, 0xA000              ; Copiar mapa de caracteres.
   693 00001302 8EC0                        mov     es, ax
   694 00001304 66BF00000000                mov     edi, 0x0000
   695 0000130A 66BE[FF000000]              mov     esi, font16x8
   696 00001310 B90001                      mov     cx, 256
   697                                  
   698                                  ciclo_copia_fonts:
   699 00001313 2E66A5                      cs      movsd                   ; Copiar 16 bytes al bitmap.
   700 00001316 2E66A5                      cs      movsd
   701 00001319 2E66A5                      cs      movsd
   702 0000131C 2E66A5                      cs      movsd
   703 0000131F 6683C710                    add     edi, 16                 ; Saltear 16 bytes (VGA requiere 32 bytes/carácter)
   704 00001323 E2EE                        loop    ciclo_copia_fonts
   705                                  
   706 00001325 B80203                      mov     ax, 0x0302              ; Volver a la operación normal.
   707 00001328 EF                          out     dx, ax
   708 00001329 B80402                      mov     ax, 0x0204
   709 0000132C EF                          out     dx, ax
   710 0000132D BACE03                      mov     dx, 0x03ce
   711 00001330 B80510                      mov     ax, 0x1005
   712 00001333 EF                          out     dx, ax
   713 00001334 B8060E                      mov     ax, 0x0E06
   714 00001337 EF                          out     dx, ax
   715                                  
   716 00001338 C3                          ret
